#
# There is insufficient memory for the Java Runtime Environment to continue.
# Native memory allocation (malloc) failed to allocate 2097152 bytes for AllocateHeap
# Possible reasons:
#   The system is out of physical RAM or swap space
#   The process is running with CompressedOops enabled, and the Java Heap may be blocking the growth of the native heap
# Possible solutions:
#   Reduce memory load on the system
#   Increase physical memory or swap space
#   Check if swap backing store is full
#   Decrease Java heap size (-Xmx/-Xms)
#   Decrease number of Java threads
#   Decrease Java thread stack sizes (-Xss)
#   Set larger code cache with -XX:ReservedCodeCacheSize=
#   JVM is running with Unscaled Compressed Oops mode in which the Java heap is
#     placed in the first 4GB address space. The Java Heap base address is the
#     maximum limit for the native heap growth. Please use -XX:HeapBaseMinAddress
#     to set the Java Heap base and to place the Java Heap above 4GB virtual address.
# This output file may be truncated or incomplete.
#
#  Out of Memory Error (allocation.cpp:44), pid=9264, tid=23964
#
# JRE version: OpenJDK Runtime Environment Temurin-17.0.6+10 (17.0.6+10) (build 17.0.6+10)
# Java VM: OpenJDK 64-Bit Server VM Temurin-17.0.6+10 (17.0.6+10, mixed mode, emulated-client, tiered, compressed oops, compressed class ptrs, g1 gc, windows-amd64)
# No core dump will be written. Minidumps are not enabled by default on client versions of Windows
#

---------------  S U M M A R Y ------------

Command Line: -XX:+HeapDumpOnOutOfMemoryError -Xmx1024m -Dsts.lsp.client=vscode -Dsts.log.file=/dev/null -XX:TieredStopAtLevel=1 -Xlog:jni+resolve=off -Dspring.config.location=file:c:\Users\User\.vscode\extensions\vmware.vscode-spring-boot-1.47.0\language-server\BOOT-INF\classes\application.properties org.springframework.ide.vscode.boot.app.BootLanguageServerBootApp

Host: Intel(R) Core(TM) i7-9750H CPU @ 2.60GHz, 12 cores, 15G,  Windows 11 , 64 bit Build 22621 (10.0.22621.1778)
Time: Wed Jun 21 15:41:49 2023 SE Asia Standard Time elapsed time: 3084.433539 seconds (0d 0h 51m 24s)

---------------  T H R E A D  ---------------

Current thread (0x0000024cde404be0):  VMThread "VM Thread" [stack: 0x0000006eab000000,0x0000006eab100000] [id=23964]

Stack: [0x0000006eab000000,0x0000006eab100000]
Native frames: (J=compiled Java code, j=interpreted, Vv=VM code, C=native code)
V  [jvm.dll+0x67741a]
V  [jvm.dll+0x834434]
V  [jvm.dll+0x835bde]
V  [jvm.dll+0x836243]
V  [jvm.dll+0x2457b5]
V  [jvm.dll+0xa626f]
V  [jvm.dll+0x2f5b61]
V  [jvm.dll+0x2f17e0]
V  [jvm.dll+0x2d9ee7]
V  [jvm.dll+0x31ce67]
V  [jvm.dll+0x83a6eb]
V  [jvm.dll+0x83b424]
V  [jvm.dll+0x83b93c]
V  [jvm.dll+0x83bd14]
V  [jvm.dll+0x83bde0]
V  [jvm.dll+0x7e483a]
V  [jvm.dll+0x6762c5]
C  [ucrtbase.dll+0x29363]
C  [KERNEL32.DLL+0x126ad]
C  [ntdll.dll+0x5a9f8]

VM_Operation (0x0000006eaccfe9f0): G1CollectFull, mode: safepoint, requested by thread 0x0000024ce07cf350


---------------  P R O C E S S  ---------------

Threads class SMR info:
_java_thread_list=0x0000024ce3e747e0, length=24, elements={
0x0000024cde407c20, 0x0000024cde4086e0, 0x0000024cdf061010, 0x0000024cdf065df0,
0x0000024cdf0666b0, 0x0000024cdf066f70, 0x0000024cdf0678e0, 0x0000024cdf06a1f0,
0x0000024cdf270ea0, 0x0000024cdf2868c0, 0x0000024ce07db300, 0x0000024ce07d93f0,
0x0000024ce07cf350, 0x0000024ce086bbc0, 0x0000024cd31b9fb0, 0x0000024ce08cbb10,
0x0000024ce0924380, 0x0000024ce092e120, 0x0000024ce0a78ce0, 0x0000024ce0a76b30,
0x0000024ce0a7c1d0, 0x0000024ce0a76660, 0x0000024ce0a7ae90, 0x0000024ce0a77000
}

Java Threads: ( => current thread )
  0x0000024cde407c20 JavaThread "Reference Handler" daemon [_thread_blocked, id=2032, stack(0x0000006eab100000,0x0000006eab200000)]
  0x0000024cde4086e0 JavaThread "Finalizer" daemon [_thread_blocked, id=24668, stack(0x0000006eab200000,0x0000006eab300000)]
  0x0000024cdf061010 JavaThread "Signal Dispatcher" daemon [_thread_blocked, id=21308, stack(0x0000006eab300000,0x0000006eab400000)]
  0x0000024cdf065df0 JavaThread "Attach Listener" daemon [_thread_blocked, id=8588, stack(0x0000006eab400000,0x0000006eab500000)]
  0x0000024cdf0666b0 JavaThread "Service Thread" daemon [_thread_blocked, id=23296, stack(0x0000006eab500000,0x0000006eab600000)]
  0x0000024cdf066f70 JavaThread "Monitor Deflation Thread" daemon [_thread_blocked, id=18512, stack(0x0000006eab600000,0x0000006eab700000)]
  0x0000024cdf0678e0 JavaThread "C1 CompilerThread0" daemon [_thread_blocked, id=13968, stack(0x0000006eab700000,0x0000006eab800000)]
  0x0000024cdf06a1f0 JavaThread "Sweeper thread" daemon [_thread_blocked, id=6280, stack(0x0000006eab800000,0x0000006eab900000)]
  0x0000024cdf270ea0 JavaThread "Notification Thread" daemon [_thread_blocked, id=25212, stack(0x0000006eaba00000,0x0000006eabb00000)]
  0x0000024cdf2868c0 JavaThread "Common-Cleaner" daemon [_thread_blocked, id=16380, stack(0x0000006eabc00000,0x0000006eabd00000)]
  0x0000024ce07db300 JavaThread "boundedElastic-evictor-1" daemon [_thread_blocked, id=12028, stack(0x0000006eac400000,0x0000006eac500000)]
  0x0000024ce07d93f0 JavaThread "boundedElastic-evictor-2" daemon [_thread_blocked, id=13520, stack(0x0000006eacb00000,0x0000006eacc00000)]
  0x0000024ce07cf350 JavaThread "pool-10-thread-1" [_thread_blocked, id=13952, stack(0x0000006eacc00000,0x0000006eacd00000)]
  0x0000024ce086bbc0 JavaThread "LanguageServerApp-lifecycle" [_thread_blocked, id=2928, stack(0x0000006eacd00000,0x0000006eace00000)]
  0x0000024cd31b9fb0 JavaThread "DestroyJavaVM" [_thread_blocked, id=17592, stack(0x0000006eaaa00000,0x0000006eaab00000)]
  0x0000024ce08cbb10 JavaThread "pool-11-thread-1" [_thread_in_native, id=9888, stack(0x0000006eace00000,0x0000006eacf00000)]
  0x0000024ce0924380 JavaThread "Simple-Language-Server main thread" daemon [_thread_blocked, id=19964, stack(0x0000006eacf00000,0x0000006ead000000)]
  0x0000024ce092e120 JavaThread "pool-6-thread-1" [_thread_blocked, id=18264, stack(0x0000006ead000000,0x0000006ead100000)]
  0x0000024ce0a78ce0 JavaThread "parallel-1" daemon [_thread_blocked, id=16968, stack(0x0000006eae500000,0x0000006eae600000)]
  0x0000024ce0a76b30 JavaThread "pool-4-thread-1" [_thread_blocked, id=22804, stack(0x0000006eae900000,0x0000006eaea00000)]
  0x0000024ce0a7c1d0 JavaThread "parallel-2" daemon [_thread_blocked, id=24800, stack(0x0000006eaea00000,0x0000006eaeb00000)]
  0x0000024ce0a76660 JavaThread "parallel-3" daemon [_thread_blocked, id=24092, stack(0x0000006ead200000,0x0000006ead300000)]
  0x0000024ce0a7ae90 JavaThread "parallel-4" daemon [_thread_blocked, id=6444, stack(0x0000006ead300000,0x0000006ead400000)]
  0x0000024ce0a77000 JavaThread "Reconciler-1" daemon [_thread_blocked, id=16964, stack(0x0000006ead400000,0x0000006ead500000)]

Other Threads:
=>0x0000024cde404be0 VMThread "VM Thread" [stack: 0x0000006eab000000,0x0000006eab100000] [id=23964]
  0x0000024cdf271d90 WatcherThread [stack: 0x0000006eabb00000,0x0000006eabc00000] [id=22388]
  0x0000024cd31f5960 GCTaskThread "GC Thread#0" [stack: 0x0000006eaab00000,0x0000006eaac00000] [id=12908]
  0x0000024cdfca7cb0 GCTaskThread "GC Thread#1" [stack: 0x0000006eabd00000,0x0000006eabe00000] [id=25288]
  0x0000024cdfcf3040 GCTaskThread "GC Thread#2" [stack: 0x0000006eabe00000,0x0000006eabf00000] [id=12024]
  0x0000024cdfcf32f0 GCTaskThread "GC Thread#3" [stack: 0x0000006eabf00000,0x0000006eac000000] [id=11872]
  0x0000024cdfd16e90 GCTaskThread "GC Thread#4" [stack: 0x0000006eac000000,0x0000006eac100000] [id=1036]
  0x0000024cdfd17140 GCTaskThread "GC Thread#5" [stack: 0x0000006eac100000,0x0000006eac200000] [id=12924]
  0x0000024cdfef1920 GCTaskThread "GC Thread#6" [stack: 0x0000006eac200000,0x0000006eac300000] [id=25532]
  0x0000024cdfef1fe0 GCTaskThread "GC Thread#7" [stack: 0x0000006eac300000,0x0000006eac400000] [id=8356]
  0x0000024ce00049b0 GCTaskThread "GC Thread#8" [stack: 0x0000006eac700000,0x0000006eac800000] [id=20628]
  0x0000024ce00aaa10 GCTaskThread "GC Thread#9" [stack: 0x0000006eac800000,0x0000006eac900000] [id=7136]
  0x0000024cd31fe7b0 ConcurrentGCThread "G1 Main Marker" [stack: 0x0000006eaac00000,0x0000006eaad00000] [id=25416]
  0x0000024cd31ff0d0 ConcurrentGCThread "G1 Conc#0" [stack: 0x0000006eaad00000,0x0000006eaae00000] [id=14252]
  0x0000024cdff9e0e0 ConcurrentGCThread "G1 Conc#1" [stack: 0x0000006eac900000,0x0000006eaca00000] [id=20652]
  0x0000024cdffd7430 ConcurrentGCThread "G1 Conc#2" [stack: 0x0000006eaca00000,0x0000006eacb00000] [id=24436]
  0x0000024cd326e6e0 ConcurrentGCThread "G1 Refine#0" [stack: 0x0000006eaae00000,0x0000006eaaf00000] [id=23788]
  0x0000024ce37f5bc0 ConcurrentGCThread "G1 Refine#1" [stack: 0x0000006eaeb00000,0x0000006eaec00000] [id=19500]
  0x0000024ce37f75a0 ConcurrentGCThread "G1 Refine#2" [stack: 0x0000006eaec00000,0x0000006eaed00000] [id=25208]
  0x0000024ce37f5ea0 ConcurrentGCThread "G1 Refine#3" [stack: 0x0000006eaed00000,0x0000006eaee00000] [id=16108]
  0x0000024ce37f6180 ConcurrentGCThread "G1 Refine#4" [stack: 0x0000006eaee00000,0x0000006eaef00000] [id=21020]
  0x0000024ce37f6460 ConcurrentGCThread "G1 Refine#5" [stack: 0x0000006eaef00000,0x0000006eaf000000] [id=15372]
  0x0000024ce37f6d00 ConcurrentGCThread "G1 Refine#6" [stack: 0x0000006eaf000000,0x0000006eaf100000] [id=7884]
  0x0000024ce37f6740 ConcurrentGCThread "G1 Refine#7" [stack: 0x0000006eaf100000,0x0000006eaf200000] [id=17100]
  0x0000024ce37f72c0 ConcurrentGCThread "G1 Refine#8" [stack: 0x0000006eaf700000,0x0000006eaf800000] [id=24976]
  0x0000024ce31f6e40 ConcurrentGCThread "G1 Refine#9" [stack: 0x0000006eaf800000,0x0000006eaf900000] [id=7608]
  0x0000024cde2842d0 ConcurrentGCThread "G1 Service" [stack: 0x0000006eaaf00000,0x0000006eab000000] [id=20776]

Threads with active compile tasks:

VM state: at safepoint (normal execution)

VM Mutex/Monitor currently owned by a thread:  ([mutex/lock_event])
[0x0000024cd0e2ebe0] Threads_lock - owner thread: 0x0000024cde404be0
[0x0000024cd31a83f0] Heap_lock - owner thread: 0x0000024ce07cf350

Heap address: 0x00000000c0000000, size: 1024 MB, Compressed Oops mode: 32-bit

CDS archive(s) not mapped
Compressed class space mapped at: 0x0000000100000000-0x0000000140000000, reserved size: 1073741824
Narrow klass base: 0x0000000000000000, Narrow klass shift: 3, Narrow klass range: 0x140000000

GC Precious Log:
 CPUs: 12 total, 12 available
 Memory: 16263M
 Large Page Support: Disabled
 NUMA Support: Disabled
 Compressed Oops: Enabled (32-bit)
 Heap Region Size: 1M
 Heap Min Capacity: 8M
 Heap Initial Capacity: 256M
 Heap Max Capacity: 1G
 Pre-touch: Disabled
 Parallel Workers: 10
 Concurrent Workers: 3
 Concurrent Refinement Workers: 10
 Periodic GC: Disabled

Heap:
 garbage-first heap   total 239616K, used 70257K [0x00000000c0000000, 0x0000000100000000)
  region size 1024K, 1 young (1024K), 0 survivors (0K)
 Metaspace       used 72670K, committed 73536K, reserved 1114112K
  class space    used 9877K, committed 10240K, reserved 1048576K

Heap Regions: E=young(eden), S=young(survivor), O=old, HS=humongous(starts), HC=humongous(continues), CS=collection set, F=free, OA=open archive, CA=closed archive, TAMS=top-at-mark-start (previous, next)
|   0|0x00000000c0000000, 0x00000000c0100000, 0x00000000c0100000|100%|HS|  |TAMS 0x00000000c0100000, 0x00000000c0000000| Untracked 
|   1|0x00000000c0100000, 0x00000000c01fea98, 0x00000000c0200000| 99%| O|  |TAMS 0x00000000c01fea98, 0x00000000c0100000| Untracked 
|   2|0x00000000c0200000, 0x00000000c0300000, 0x00000000c0300000|100%| O|  |TAMS 0x00000000c0300000, 0x00000000c0200000| Untracked 
|   3|0x00000000c0300000, 0x00000000c0400000, 0x00000000c0400000|100%| O|  |TAMS 0x00000000c0400000, 0x00000000c0300000| Untracked 
|   4|0x00000000c0400000, 0x00000000c0500000, 0x00000000c0500000|100%| O|  |TAMS 0x00000000c0500000, 0x00000000c0400000| Untracked 
|   5|0x00000000c0500000, 0x00000000c05ffff0, 0x00000000c0600000| 99%| O|  |TAMS 0x00000000c05ffff0, 0x00000000c0500000| Untracked 
|   6|0x00000000c0600000, 0x00000000c0700000, 0x00000000c0700000|100%| O|  |TAMS 0x00000000c0700000, 0x00000000c0600000| Untracked 
|   7|0x00000000c0700000, 0x00000000c07fffc0, 0x00000000c0800000| 99%| O|  |TAMS 0x00000000c07fffc0, 0x00000000c0700000| Untracked 
|   8|0x00000000c0800000, 0x00000000c08ffff8, 0x00000000c0900000| 99%| O|  |TAMS 0x00000000c08ffff8, 0x00000000c0800000| Untracked 
|   9|0x00000000c0900000, 0x00000000c0a00000, 0x00000000c0a00000|100%| O|  |TAMS 0x00000000c0a00000, 0x00000000c0900000| Untracked 
|  10|0x00000000c0a00000, 0x00000000c0b00000, 0x00000000c0b00000|100%| O|  |TAMS 0x00000000c0b00000, 0x00000000c0a00000| Untracked 
|  11|0x00000000c0b00000, 0x00000000c0bfffd8, 0x00000000c0c00000| 99%| O|  |TAMS 0x00000000c0bfffd8, 0x00000000c0b00000| Untracked 
|  12|0x00000000c0c00000, 0x00000000c0cfffe8, 0x00000000c0d00000| 99%| O|  |TAMS 0x00000000c0cfffe8, 0x00000000c0c00000| Untracked 
|  13|0x00000000c0d00000, 0x00000000c0dfffe8, 0x00000000c0e00000| 99%| O|  |TAMS 0x00000000c0dfffe8, 0x00000000c0d00000| Untracked 
|  14|0x00000000c0e00000, 0x00000000c0efffe0, 0x00000000c0f00000| 99%| O|  |TAMS 0x00000000c0efffe0, 0x00000000c0e00000| Untracked 
|  15|0x00000000c0f00000, 0x00000000c0fffb70, 0x00000000c1000000| 99%| O|  |TAMS 0x00000000c0fffb70, 0x00000000c0f00000| Untracked 
|  16|0x00000000c1000000, 0x00000000c10fffc0, 0x00000000c1100000| 99%| O|  |TAMS 0x00000000c10fffc0, 0x00000000c1000000| Untracked 
|  17|0x00000000c1100000, 0x00000000c1200000, 0x00000000c1200000|100%| O|  |TAMS 0x00000000c1200000, 0x00000000c1100000| Untracked 
|  18|0x00000000c1200000, 0x00000000c12ffff8, 0x00000000c1300000| 99%| O|  |TAMS 0x00000000c12ffff8, 0x00000000c1200000| Untracked 
|  19|0x00000000c1300000, 0x00000000c13fffd0, 0x00000000c1400000| 99%| O|  |TAMS 0x00000000c13fffd0, 0x00000000c1300000| Untracked 
|  20|0x00000000c1400000, 0x00000000c14fffd0, 0x00000000c1500000| 99%| O|  |TAMS 0x00000000c14fffd0, 0x00000000c1400000| Untracked 
|  21|0x00000000c1500000, 0x00000000c15ffff8, 0x00000000c1600000| 99%| O|  |TAMS 0x00000000c15ffff8, 0x00000000c1500000| Untracked 
|  22|0x00000000c1600000, 0x00000000c1700000, 0x00000000c1700000|100%| O|  |TAMS 0x00000000c1700000, 0x00000000c1600000| Untracked 
|  23|0x00000000c1700000, 0x00000000c17ffff8, 0x00000000c1800000| 99%| O|  |TAMS 0x00000000c17ffff8, 0x00000000c1700000| Untracked 
|  24|0x00000000c1800000, 0x00000000c18fffd0, 0x00000000c1900000| 99%| O|  |TAMS 0x00000000c18fffd0, 0x00000000c1800000| Untracked 
|  25|0x00000000c1900000, 0x00000000c19fffe8, 0x00000000c1a00000| 99%| O|  |TAMS 0x00000000c19fffe8, 0x00000000c1900000| Untracked 
|  26|0x00000000c1a00000, 0x00000000c1afffd0, 0x00000000c1b00000| 99%| O|  |TAMS 0x00000000c1afffd0, 0x00000000c1a00000| Untracked 
|  27|0x00000000c1b00000, 0x00000000c1c00000, 0x00000000c1c00000|100%| O|  |TAMS 0x00000000c1c00000, 0x00000000c1b00000| Untracked 
|  28|0x00000000c1c00000, 0x00000000c1cfb008, 0x00000000c1d00000| 98%| O|  |TAMS 0x00000000c1cfb008, 0x00000000c1c00000| Untracked 
|  29|0x00000000c1d00000, 0x00000000c1dfffe8, 0x00000000c1e00000| 99%| O|  |TAMS 0x00000000c1dfffe8, 0x00000000c1d00000| Untracked 
|  30|0x00000000c1e00000, 0x00000000c1f00000, 0x00000000c1f00000|100%| O|  |TAMS 0x00000000c1f00000, 0x00000000c1e00000| Untracked 
|  31|0x00000000c1f00000, 0x00000000c1ffeff8, 0x00000000c2000000| 99%| O|  |TAMS 0x00000000c1ffeff8, 0x00000000c1f00000| Untracked 
|  32|0x00000000c2000000, 0x00000000c2100000, 0x00000000c2100000|100%| O|  |TAMS 0x00000000c2100000, 0x00000000c2000000| Untracked 
|  33|0x00000000c2100000, 0x00000000c21ffff0, 0x00000000c2200000| 99%| O|  |TAMS 0x00000000c21ffff0, 0x00000000c2100000| Untracked 
|  34|0x00000000c2200000, 0x00000000c22ffff8, 0x00000000c2300000| 99%| O|  |TAMS 0x00000000c22ffff8, 0x00000000c2200000| Untracked 
|  35|0x00000000c2300000, 0x00000000c23ffff8, 0x00000000c2400000| 99%| O|  |TAMS 0x00000000c23ffff8, 0x00000000c2300000| Untracked 
|  36|0x00000000c2400000, 0x00000000c24ffff8, 0x00000000c2500000| 99%| O|  |TAMS 0x00000000c24ffff8, 0x00000000c2400000| Untracked 
|  37|0x00000000c2500000, 0x00000000c25fffd8, 0x00000000c2600000| 99%| O|  |TAMS 0x00000000c25fffd8, 0x00000000c2500000| Untracked 
|  38|0x00000000c2600000, 0x00000000c2700000, 0x00000000c2700000|100%| O|  |TAMS 0x00000000c2700000, 0x00000000c2600000| Untracked 
|  39|0x00000000c2700000, 0x00000000c27fffc8, 0x00000000c2800000| 99%| O|  |TAMS 0x00000000c27fffc8, 0x00000000c2700000| Untracked 
|  40|0x00000000c2800000, 0x00000000c28ffff0, 0x00000000c2900000| 99%| O|  |TAMS 0x00000000c28ffff0, 0x00000000c2800000| Untracked 
|  41|0x00000000c2900000, 0x00000000c2a00000, 0x00000000c2a00000|100%| O|  |TAMS 0x00000000c2a00000, 0x00000000c2900000| Untracked 
|  42|0x00000000c2a00000, 0x00000000c2affff8, 0x00000000c2b00000| 99%| O|  |TAMS 0x00000000c2affff8, 0x00000000c2a00000| Untracked 
|  43|0x00000000c2b00000, 0x00000000c2bffff0, 0x00000000c2c00000| 99%| O|  |TAMS 0x00000000c2bffff0, 0x00000000c2b00000| Untracked 
|  44|0x00000000c2c00000, 0x00000000c2cfffb8, 0x00000000c2d00000| 99%| O|  |TAMS 0x00000000c2cfffb8, 0x00000000c2c00000| Untracked 
|  45|0x00000000c2d00000, 0x00000000c2dffff0, 0x00000000c2e00000| 99%| O|  |TAMS 0x00000000c2dffff0, 0x00000000c2d00000| Untracked 
|  46|0x00000000c2e00000, 0x00000000c2efffe8, 0x00000000c2f00000| 99%| O|  |TAMS 0x00000000c2efffe8, 0x00000000c2e00000| Untracked 
|  47|0x00000000c2f00000, 0x00000000c2fffff8, 0x00000000c3000000| 99%| O|  |TAMS 0x00000000c2fffff8, 0x00000000c2f00000| Untracked 
|  48|0x00000000c3000000, 0x00000000c30ffff8, 0x00000000c3100000| 99%| O|  |TAMS 0x00000000c30ffff8, 0x00000000c3000000| Untracked 
|  49|0x00000000c3100000, 0x00000000c31ef3a0, 0x00000000c3200000| 93%| O|  |TAMS 0x00000000c3100000, 0x00000000c3100000| Untracked 
|  50|0x00000000c3200000, 0x00000000c32f5ff8, 0x00000000c3300000| 96%| O|  |TAMS 0x00000000c32f5ff8, 0x00000000c3200000| Untracked 
|  51|0x00000000c3300000, 0x00000000c33fffd8, 0x00000000c3400000| 99%| O|  |TAMS 0x00000000c33fffd8, 0x00000000c3300000| Untracked 
|  52|0x00000000c3400000, 0x00000000c34ff3b8, 0x00000000c3500000| 99%| O|  |TAMS 0x00000000c34ff3b8, 0x00000000c3400000| Untracked 
|  53|0x00000000c3500000, 0x00000000c35ffff0, 0x00000000c3600000| 99%| O|  |TAMS 0x00000000c35ffff0, 0x00000000c3500000| Untracked 
|  54|0x00000000c3600000, 0x00000000c36ffff8, 0x00000000c3700000| 99%| O|  |TAMS 0x00000000c36ffff8, 0x00000000c3600000| Untracked 
|  55|0x00000000c3700000, 0x00000000c3800000, 0x00000000c3800000|100%| O|  |TAMS 0x00000000c3800000, 0x00000000c3700000| Untracked 
|  56|0x00000000c3800000, 0x00000000c3900000, 0x00000000c3900000|100%| O|  |TAMS 0x00000000c3900000, 0x00000000c3800000| Untracked 
|  57|0x00000000c3900000, 0x00000000c39fffd8, 0x00000000c3a00000| 99%| O|  |TAMS 0x00000000c39fffd8, 0x00000000c3900000| Untracked 
|  58|0x00000000c3a00000, 0x00000000c3aff220, 0x00000000c3b00000| 99%| O|  |TAMS 0x00000000c3aff220, 0x00000000c3a00000| Untracked 
|  59|0x00000000c3b00000, 0x00000000c3c00000, 0x00000000c3c00000|100%|HS|  |TAMS 0x00000000c3c00000, 0x00000000c3b00000| Untracked 
|  60|0x00000000c3c00000, 0x00000000c3d00000, 0x00000000c3d00000|100%|HC|  |TAMS 0x00000000c3d00000, 0x00000000c3c00000| Untracked 
|  61|0x00000000c3d00000, 0x00000000c3dfffe8, 0x00000000c3e00000| 99%| O|  |TAMS 0x00000000c3dfffe8, 0x00000000c3d00000| Untracked 
|  62|0x00000000c3e00000, 0x00000000c3e98780, 0x00000000c3f00000| 59%| O|  |TAMS 0x00000000c3e00000, 0x00000000c3e00000| Untracked 
|  63|0x00000000c3f00000, 0x00000000c4000000, 0x00000000c4000000|100%| O|  |TAMS 0x00000000c4000000, 0x00000000c3f00000| Untracked 
|  64|0x00000000c4000000, 0x00000000c40fffd0, 0x00000000c4100000| 99%| O|  |TAMS 0x00000000c40fffd0, 0x00000000c4000000| Untracked 
|  65|0x00000000c4100000, 0x00000000c41f6650, 0x00000000c4200000| 96%| O|  |TAMS 0x00000000c41f6650, 0x00000000c4100000| Untracked 
|  66|0x00000000c4200000, 0x00000000c4297b78, 0x00000000c4300000| 59%| O|  |TAMS 0x00000000c4200000, 0x00000000c4200000| Untracked 
|  67|0x00000000c4300000, 0x00000000c439a4c0, 0x00000000c4400000| 60%| O|  |TAMS 0x00000000c4300000, 0x00000000c4300000| Untracked 
|  68|0x00000000c4400000, 0x00000000c4400000, 0x00000000c4500000|  0%| F|  |TAMS 0x00000000c4400000, 0x00000000c4400000| Untracked 
|  69|0x00000000c4500000, 0x00000000c4500000, 0x00000000c4600000|  0%| F|  |TAMS 0x00000000c4500000, 0x00000000c4500000| Untracked 
|  70|0x00000000c4600000, 0x00000000c4600000, 0x00000000c4700000|  0%| F|  |TAMS 0x00000000c4600000, 0x00000000c4600000| Untracked 
|  71|0x00000000c4700000, 0x00000000c4700000, 0x00000000c4800000|  0%| F|  |TAMS 0x00000000c4700000, 0x00000000c4700000| Untracked 
|  72|0x00000000c4800000, 0x00000000c4800000, 0x00000000c4900000|  0%| F|  |TAMS 0x00000000c4800000, 0x00000000c4800000| Untracked 
|  73|0x00000000c4900000, 0x00000000c4900000, 0x00000000c4a00000|  0%| F|  |TAMS 0x00000000c4900000, 0x00000000c4900000| Untracked 
|  74|0x00000000c4a00000, 0x00000000c4a00000, 0x00000000c4b00000|  0%| F|  |TAMS 0x00000000c4a00000, 0x00000000c4a00000| Untracked 
|  75|0x00000000c4b00000, 0x00000000c4b00000, 0x00000000c4c00000|  0%| F|  |TAMS 0x00000000c4b00000, 0x00000000c4b00000| Untracked 
|  76|0x00000000c4c00000, 0x00000000c4c00000, 0x00000000c4d00000|  0%| F|  |TAMS 0x00000000c4c00000, 0x00000000c4c00000| Untracked 
|  77|0x00000000c4d00000, 0x00000000c4d00000, 0x00000000c4e00000|  0%| F|  |TAMS 0x00000000c4d00000, 0x00000000c4d00000| Untracked 
|  78|0x00000000c4e00000, 0x00000000c4e00000, 0x00000000c4f00000|  0%| F|  |TAMS 0x00000000c4e00000, 0x00000000c4e00000| Untracked 
|  79|0x00000000c4f00000, 0x00000000c4f00000, 0x00000000c5000000|  0%| F|  |TAMS 0x00000000c4f00000, 0x00000000c4f00000| Untracked 
|  80|0x00000000c5000000, 0x00000000c5000000, 0x00000000c5100000|  0%| F|  |TAMS 0x00000000c5000000, 0x00000000c5000000| Untracked 
|  81|0x00000000c5100000, 0x00000000c51ffd18, 0x00000000c5200000| 99%| O|  |TAMS 0x00000000c51ffd18, 0x00000000c5100000| Untracked 
|  82|0x00000000c5200000, 0x00000000c5200000, 0x00000000c5300000|  0%| F|  |TAMS 0x00000000c5200000, 0x00000000c5200000| Untracked 
|  83|0x00000000c5300000, 0x00000000c5300000, 0x00000000c5400000|  0%| F|  |TAMS 0x00000000c5300000, 0x00000000c5300000| Untracked 
|  84|0x00000000c5400000, 0x00000000c5400000, 0x00000000c5500000|  0%| F|  |TAMS 0x00000000c5400000, 0x00000000c5400000| Untracked 
|  85|0x00000000c5500000, 0x00000000c5500000, 0x00000000c5600000|  0%| F|  |TAMS 0x00000000c5500000, 0x00000000c5500000| Untracked 
|  86|0x00000000c5600000, 0x00000000c5600000, 0x00000000c5700000|  0%| F|  |TAMS 0x00000000c5600000, 0x00000000c5600000| Untracked 
|  87|0x00000000c5700000, 0x00000000c5700000, 0x00000000c5800000|  0%| F|  |TAMS 0x00000000c5700000, 0x00000000c5700000| Untracked 
|  88|0x00000000c5800000, 0x00000000c5800000, 0x00000000c5900000|  0%| F|  |TAMS 0x00000000c5800000, 0x00000000c5800000| Untracked 
|  89|0x00000000c5900000, 0x00000000c5900000, 0x00000000c5a00000|  0%| F|  |TAMS 0x00000000c5900000, 0x00000000c5900000| Untracked 
|  90|0x00000000c5a00000, 0x00000000c5a00000, 0x00000000c5b00000|  0%| F|  |TAMS 0x00000000c5a00000, 0x00000000c5a00000| Untracked 
|  91|0x00000000c5b00000, 0x00000000c5b00000, 0x00000000c5c00000|  0%| F|  |TAMS 0x00000000c5b00000, 0x00000000c5b00000| Untracked 
|  92|0x00000000c5c00000, 0x00000000c5c00000, 0x00000000c5d00000|  0%| F|  |TAMS 0x00000000c5c00000, 0x00000000c5c00000| Untracked 
|  93|0x00000000c5d00000, 0x00000000c5d00000, 0x00000000c5e00000|  0%| F|  |TAMS 0x00000000c5d00000, 0x00000000c5d00000| Untracked 
|  94|0x00000000c5e00000, 0x00000000c5e00000, 0x00000000c5f00000|  0%| F|  |TAMS 0x00000000c5e00000, 0x00000000c5e00000| Untracked 
|  95|0x00000000c5f00000, 0x00000000c5f00000, 0x00000000c6000000|  0%| F|  |TAMS 0x00000000c5f00000, 0x00000000c5f00000| Untracked 
|  96|0x00000000c6000000, 0x00000000c6000000, 0x00000000c6100000|  0%| F|  |TAMS 0x00000000c6000000, 0x00000000c6000000| Untracked 
|  97|0x00000000c6100000, 0x00000000c6100000, 0x00000000c6200000|  0%| F|  |TAMS 0x00000000c6100000, 0x00000000c6100000| Untracked 
|  98|0x00000000c6200000, 0x00000000c62ffff0, 0x00000000c6300000| 99%| O|  |TAMS 0x00000000c62ffff0, 0x00000000c6200000| Untracked 
|  99|0x00000000c6300000, 0x00000000c6300000, 0x00000000c6400000|  0%| F|  |TAMS 0x00000000c6300000, 0x00000000c6300000| Untracked 
| 100|0x00000000c6400000, 0x00000000c6400000, 0x00000000c6500000|  0%| F|  |TAMS 0x00000000c6400000, 0x00000000c6400000| Untracked 
| 101|0x00000000c6500000, 0x00000000c6500000, 0x00000000c6600000|  0%| F|  |TAMS 0x00000000c6500000, 0x00000000c6500000| Untracked 
| 102|0x00000000c6600000, 0x00000000c6600000, 0x00000000c6700000|  0%| F|  |TAMS 0x00000000c6600000, 0x00000000c6600000| Untracked 
| 103|0x00000000c6700000, 0x00000000c6700000, 0x00000000c6800000|  0%| F|  |TAMS 0x00000000c6700000, 0x00000000c6700000| Untracked 
| 104|0x00000000c6800000, 0x00000000c6800000, 0x00000000c6900000|  0%| F|  |TAMS 0x00000000c6800000, 0x00000000c6800000| Untracked 
| 105|0x00000000c6900000, 0x00000000c6900000, 0x00000000c6a00000|  0%| F|  |TAMS 0x00000000c6900000, 0x00000000c6900000| Untracked 
| 106|0x00000000c6a00000, 0x00000000c6a00000, 0x00000000c6b00000|  0%| F|  |TAMS 0x00000000c6a00000, 0x00000000c6a00000| Untracked 
| 107|0x00000000c6b00000, 0x00000000c6b00000, 0x00000000c6c00000|  0%| F|  |TAMS 0x00000000c6b00000, 0x00000000c6b00000| Untracked 
| 108|0x00000000c6c00000, 0x00000000c6c00000, 0x00000000c6d00000|  0%| F|  |TAMS 0x00000000c6c00000, 0x00000000c6c00000| Untracked 
| 109|0x00000000c6d00000, 0x00000000c6d00000, 0x00000000c6e00000|  0%| F|  |TAMS 0x00000000c6d00000, 0x00000000c6d00000| Untracked 
| 110|0x00000000c6e00000, 0x00000000c6e00000, 0x00000000c6f00000|  0%| F|  |TAMS 0x00000000c6e00000, 0x00000000c6e00000| Untracked 
| 111|0x00000000c6f00000, 0x00000000c6f00000, 0x00000000c7000000|  0%| F|  |TAMS 0x00000000c6f00000, 0x00000000c6f00000| Untracked 
| 112|0x00000000c7000000, 0x00000000c7000000, 0x00000000c7100000|  0%| F|  |TAMS 0x00000000c7000000, 0x00000000c7000000| Untracked 
| 113|0x00000000c7100000, 0x00000000c7100000, 0x00000000c7200000|  0%| F|  |TAMS 0x00000000c7100000, 0x00000000c7100000| Untracked 
| 114|0x00000000c7200000, 0x00000000c7200000, 0x00000000c7300000|  0%| F|  |TAMS 0x00000000c7200000, 0x00000000c7200000| Untracked 
| 115|0x00000000c7300000, 0x00000000c7300000, 0x00000000c7400000|  0%| F|  |TAMS 0x00000000c7300000, 0x00000000c7300000| Untracked 
| 116|0x00000000c7400000, 0x00000000c7400000, 0x00000000c7500000|  0%| F|  |TAMS 0x00000000c7400000, 0x00000000c7400000| Untracked 
| 117|0x00000000c7500000, 0x00000000c7500000, 0x00000000c7600000|  0%| F|  |TAMS 0x00000000c7500000, 0x00000000c7500000| Untracked 
| 118|0x00000000c7600000, 0x00000000c7600000, 0x00000000c7700000|  0%| F|  |TAMS 0x00000000c7600000, 0x00000000c7600000| Untracked 
| 119|0x00000000c7700000, 0x00000000c7700000, 0x00000000c7800000|  0%| F|  |TAMS 0x00000000c7700000, 0x00000000c7700000| Untracked 
| 120|0x00000000c7800000, 0x00000000c7800000, 0x00000000c7900000|  0%| F|  |TAMS 0x00000000c7800000, 0x00000000c7800000| Untracked 
| 121|0x00000000c7900000, 0x00000000c7900000, 0x00000000c7a00000|  0%| F|  |TAMS 0x00000000c7900000, 0x00000000c7900000| Untracked 
| 122|0x00000000c7a00000, 0x00000000c7a00000, 0x00000000c7b00000|  0%| F|  |TAMS 0x00000000c7a00000, 0x00000000c7a00000| Untracked 
| 123|0x00000000c7b00000, 0x00000000c7b00000, 0x00000000c7c00000|  0%| F|  |TAMS 0x00000000c7b00000, 0x00000000c7b00000| Untracked 
| 124|0x00000000c7c00000, 0x00000000c7c00000, 0x00000000c7d00000|  0%| F|  |TAMS 0x00000000c7c00000, 0x00000000c7c00000| Untracked 
| 125|0x00000000c7d00000, 0x00000000c7d00000, 0x00000000c7e00000|  0%| F|  |TAMS 0x00000000c7d00000, 0x00000000c7d00000| Untracked 
| 126|0x00000000c7e00000, 0x00000000c7e00000, 0x00000000c7f00000|  0%| F|  |TAMS 0x00000000c7e00000, 0x00000000c7e00000| Untracked 
| 127|0x00000000c7f00000, 0x00000000c7f00000, 0x00000000c8000000|  0%| F|  |TAMS 0x00000000c7f00000, 0x00000000c7f00000| Untracked 
| 128|0x00000000c8000000, 0x00000000c8000000, 0x00000000c8100000|  0%| F|  |TAMS 0x00000000c8000000, 0x00000000c8000000| Untracked 
| 129|0x00000000c8100000, 0x00000000c8100000, 0x00000000c8200000|  0%| F|  |TAMS 0x00000000c8100000, 0x00000000c8100000| Untracked 
| 130|0x00000000c8200000, 0x00000000c8200000, 0x00000000c8300000|  0%| F|  |TAMS 0x00000000c8200000, 0x00000000c8200000| Untracked 
| 131|0x00000000c8300000, 0x00000000c8300000, 0x00000000c8400000|  0%| F|  |TAMS 0x00000000c8300000, 0x00000000c8300000| Untracked 
| 132|0x00000000c8400000, 0x00000000c8400000, 0x00000000c8500000|  0%| F|  |TAMS 0x00000000c8400000, 0x00000000c8400000| Untracked 
| 133|0x00000000c8500000, 0x00000000c8500000, 0x00000000c8600000|  0%| F|  |TAMS 0x00000000c8500000, 0x00000000c8500000| Untracked 
| 134|0x00000000c8600000, 0x00000000c8600000, 0x00000000c8700000|  0%| F|  |TAMS 0x00000000c8600000, 0x00000000c8600000| Untracked 
| 135|0x00000000c8700000, 0x00000000c8700000, 0x00000000c8800000|  0%| F|  |TAMS 0x00000000c8700000, 0x00000000c8700000| Untracked 
| 136|0x00000000c8800000, 0x00000000c8800000, 0x00000000c8900000|  0%| F|  |TAMS 0x00000000c8800000, 0x00000000c8800000| Untracked 
| 137|0x00000000c8900000, 0x00000000c8900000, 0x00000000c8a00000|  0%| F|  |TAMS 0x00000000c8900000, 0x00000000c8900000| Untracked 
| 138|0x00000000c8a00000, 0x00000000c8a00000, 0x00000000c8b00000|  0%| F|  |TAMS 0x00000000c8a00000, 0x00000000c8a00000| Untracked 
| 139|0x00000000c8b00000, 0x00000000c8b00000, 0x00000000c8c00000|  0%| F|  |TAMS 0x00000000c8b00000, 0x00000000c8b00000| Untracked 
| 140|0x00000000c8c00000, 0x00000000c8c00000, 0x00000000c8d00000|  0%| F|  |TAMS 0x00000000c8c00000, 0x00000000c8c00000| Untracked 
| 141|0x00000000c8d00000, 0x00000000c8d00000, 0x00000000c8e00000|  0%| F|  |TAMS 0x00000000c8d00000, 0x00000000c8d00000| Untracked 
| 142|0x00000000c8e00000, 0x00000000c8e00000, 0x00000000c8f00000|  0%| F|  |TAMS 0x00000000c8e00000, 0x00000000c8e00000| Untracked 
| 143|0x00000000c8f00000, 0x00000000c8f00000, 0x00000000c9000000|  0%| F|  |TAMS 0x00000000c8f00000, 0x00000000c8f00000| Untracked 
| 144|0x00000000c9000000, 0x00000000c9000000, 0x00000000c9100000|  0%| F|  |TAMS 0x00000000c9000000, 0x00000000c9000000| Untracked 
| 145|0x00000000c9100000, 0x00000000c9100000, 0x00000000c9200000|  0%| F|  |TAMS 0x00000000c9100000, 0x00000000c9100000| Untracked 
| 146|0x00000000c9200000, 0x00000000c9200000, 0x00000000c9300000|  0%| F|  |TAMS 0x00000000c9200000, 0x00000000c9200000| Untracked 
| 147|0x00000000c9300000, 0x00000000c9300000, 0x00000000c9400000|  0%| F|  |TAMS 0x00000000c9300000, 0x00000000c9300000| Untracked 
| 148|0x00000000c9400000, 0x00000000c9400000, 0x00000000c9500000|  0%| F|  |TAMS 0x00000000c9400000, 0x00000000c9400000| Untracked 
| 149|0x00000000c9500000, 0x00000000c9500000, 0x00000000c9600000|  0%| F|  |TAMS 0x00000000c9500000, 0x00000000c9500000| Untracked 
| 150|0x00000000c9600000, 0x00000000c9600000, 0x00000000c9700000|  0%| F|  |TAMS 0x00000000c9600000, 0x00000000c9600000| Untracked 
| 151|0x00000000c9700000, 0x00000000c9700000, 0x00000000c9800000|  0%| F|  |TAMS 0x00000000c9700000, 0x00000000c9700000| Untracked 
| 152|0x00000000c9800000, 0x00000000c9800000, 0x00000000c9900000|  0%| F|  |TAMS 0x00000000c9800000, 0x00000000c9800000| Untracked 
| 153|0x00000000c9900000, 0x00000000c9900000, 0x00000000c9a00000|  0%| F|  |TAMS 0x00000000c9900000, 0x00000000c9900000| Untracked 
| 154|0x00000000c9a00000, 0x00000000c9a00000, 0x00000000c9b00000|  0%| F|  |TAMS 0x00000000c9a00000, 0x00000000c9a00000| Untracked 
| 155|0x00000000c9b00000, 0x00000000c9b00000, 0x00000000c9c00000|  0%| F|  |TAMS 0x00000000c9b00000, 0x00000000c9b00000| Untracked 
| 156|0x00000000c9c00000, 0x00000000c9c00000, 0x00000000c9d00000|  0%| F|  |TAMS 0x00000000c9c00000, 0x00000000c9c00000| Untracked 
| 157|0x00000000c9d00000, 0x00000000c9d00000, 0x00000000c9e00000|  0%| F|  |TAMS 0x00000000c9d00000, 0x00000000c9d00000| Untracked 
| 158|0x00000000c9e00000, 0x00000000c9e00000, 0x00000000c9f00000|  0%| F|  |TAMS 0x00000000c9e00000, 0x00000000c9e00000| Untracked 
| 159|0x00000000c9f00000, 0x00000000c9f00000, 0x00000000ca000000|  0%| F|  |TAMS 0x00000000c9f00000, 0x00000000c9f00000| Untracked 
| 160|0x00000000ca000000, 0x00000000ca000000, 0x00000000ca100000|  0%| F|  |TAMS 0x00000000ca000000, 0x00000000ca000000| Untracked 
| 161|0x00000000ca100000, 0x00000000ca100000, 0x00000000ca200000|  0%| F|  |TAMS 0x00000000ca100000, 0x00000000ca100000| Untracked 
| 162|0x00000000ca200000, 0x00000000ca200000, 0x00000000ca300000|  0%| F|  |TAMS 0x00000000ca200000, 0x00000000ca200000| Untracked 
| 163|0x00000000ca300000, 0x00000000ca300000, 0x00000000ca400000|  0%| F|  |TAMS 0x00000000ca300000, 0x00000000ca300000| Untracked 
| 164|0x00000000ca400000, 0x00000000ca400000, 0x00000000ca500000|  0%| F|  |TAMS 0x00000000ca400000, 0x00000000ca400000| Untracked 
| 165|0x00000000ca500000, 0x00000000ca500000, 0x00000000ca600000|  0%| F|  |TAMS 0x00000000ca500000, 0x00000000ca500000| Untracked 
| 166|0x00000000ca600000, 0x00000000ca600000, 0x00000000ca700000|  0%| F|  |TAMS 0x00000000ca600000, 0x00000000ca600000| Untracked 
| 167|0x00000000ca700000, 0x00000000ca700000, 0x00000000ca800000|  0%| F|  |TAMS 0x00000000ca700000, 0x00000000ca700000| Untracked 
| 168|0x00000000ca800000, 0x00000000ca800000, 0x00000000ca900000|  0%| F|  |TAMS 0x00000000ca800000, 0x00000000ca800000| Untracked 
| 169|0x00000000ca900000, 0x00000000ca900000, 0x00000000caa00000|  0%| F|  |TAMS 0x00000000ca900000, 0x00000000ca900000| Untracked 
| 170|0x00000000caa00000, 0x00000000caa00000, 0x00000000cab00000|  0%| F|  |TAMS 0x00000000caa00000, 0x00000000caa00000| Untracked 
| 171|0x00000000cab00000, 0x00000000cab00000, 0x00000000cac00000|  0%| F|  |TAMS 0x00000000cab00000, 0x00000000cab00000| Untracked 
| 172|0x00000000cac00000, 0x00000000cac00000, 0x00000000cad00000|  0%| F|  |TAMS 0x00000000cac00000, 0x00000000cac00000| Untracked 
| 173|0x00000000cad00000, 0x00000000cad00000, 0x00000000cae00000|  0%| F|  |TAMS 0x00000000cad00000, 0x00000000cad00000| Untracked 
| 174|0x00000000cae00000, 0x00000000cae00000, 0x00000000caf00000|  0%| F|  |TAMS 0x00000000cae00000, 0x00000000cae00000| Untracked 
| 175|0x00000000caf00000, 0x00000000caf00000, 0x00000000cb000000|  0%| F|  |TAMS 0x00000000caf00000, 0x00000000caf00000| Untracked 
| 176|0x00000000cb000000, 0x00000000cb000000, 0x00000000cb100000|  0%| F|  |TAMS 0x00000000cb000000, 0x00000000cb000000| Untracked 
| 177|0x00000000cb100000, 0x00000000cb100000, 0x00000000cb200000|  0%| F|  |TAMS 0x00000000cb100000, 0x00000000cb100000| Untracked 
| 178|0x00000000cb200000, 0x00000000cb200000, 0x00000000cb300000|  0%| F|  |TAMS 0x00000000cb200000, 0x00000000cb200000| Untracked 
| 179|0x00000000cb300000, 0x00000000cb300000, 0x00000000cb400000|  0%| F|  |TAMS 0x00000000cb300000, 0x00000000cb300000| Untracked 
| 180|0x00000000cb400000, 0x00000000cb400000, 0x00000000cb500000|  0%| F|  |TAMS 0x00000000cb400000, 0x00000000cb400000| Untracked 
| 181|0x00000000cb500000, 0x00000000cb500000, 0x00000000cb600000|  0%| F|  |TAMS 0x00000000cb500000, 0x00000000cb500000| Untracked 
| 182|0x00000000cb600000, 0x00000000cb600000, 0x00000000cb700000|  0%| F|  |TAMS 0x00000000cb600000, 0x00000000cb600000| Untracked 
| 183|0x00000000cb700000, 0x00000000cb700000, 0x00000000cb800000|  0%| F|  |TAMS 0x00000000cb700000, 0x00000000cb700000| Untracked 
| 184|0x00000000cb800000, 0x00000000cb800000, 0x00000000cb900000|  0%| F|  |TAMS 0x00000000cb800000, 0x00000000cb800000| Untracked 
| 185|0x00000000cb900000, 0x00000000cb900000, 0x00000000cba00000|  0%| F|  |TAMS 0x00000000cb900000, 0x00000000cb900000| Untracked 
| 186|0x00000000cba00000, 0x00000000cba00000, 0x00000000cbb00000|  0%| F|  |TAMS 0x00000000cba00000, 0x00000000cba00000| Untracked 
| 187|0x00000000cbb00000, 0x00000000cbb00000, 0x00000000cbc00000|  0%| F|  |TAMS 0x00000000cbb00000, 0x00000000cbb00000| Untracked 
| 188|0x00000000cbc00000, 0x00000000cbc00000, 0x00000000cbd00000|  0%| F|  |TAMS 0x00000000cbc00000, 0x00000000cbc00000| Untracked 
| 189|0x00000000cbd00000, 0x00000000cbd00000, 0x00000000cbe00000|  0%| F|  |TAMS 0x00000000cbd00000, 0x00000000cbd00000| Untracked 
| 190|0x00000000cbe00000, 0x00000000cbe00000, 0x00000000cbf00000|  0%| F|  |TAMS 0x00000000cbe00000, 0x00000000cbe00000| Untracked 
| 191|0x00000000cbf00000, 0x00000000cbf00000, 0x00000000cc000000|  0%| F|  |TAMS 0x00000000cbf00000, 0x00000000cbf00000| Untracked 
| 192|0x00000000cc000000, 0x00000000cc000000, 0x00000000cc100000|  0%| F|  |TAMS 0x00000000cc000000, 0x00000000cc000000| Untracked 
| 193|0x00000000cc100000, 0x00000000cc100000, 0x00000000cc200000|  0%| F|  |TAMS 0x00000000cc100000, 0x00000000cc100000| Untracked 
| 194|0x00000000cc200000, 0x00000000cc200000, 0x00000000cc300000|  0%| F|  |TAMS 0x00000000cc200000, 0x00000000cc200000| Untracked 
| 195|0x00000000cc300000, 0x00000000cc300000, 0x00000000cc400000|  0%| F|  |TAMS 0x00000000cc300000, 0x00000000cc300000| Untracked 
| 196|0x00000000cc400000, 0x00000000cc400000, 0x00000000cc500000|  0%| F|  |TAMS 0x00000000cc400000, 0x00000000cc400000| Untracked 
| 197|0x00000000cc500000, 0x00000000cc500000, 0x00000000cc600000|  0%| F|  |TAMS 0x00000000cc500000, 0x00000000cc500000| Untracked 
| 198|0x00000000cc600000, 0x00000000cc600000, 0x00000000cc700000|  0%| F|  |TAMS 0x00000000cc600000, 0x00000000cc600000| Untracked 
| 199|0x00000000cc700000, 0x00000000cc700000, 0x00000000cc800000|  0%| F|  |TAMS 0x00000000cc700000, 0x00000000cc700000| Untracked 
| 200|0x00000000cc800000, 0x00000000cc800000, 0x00000000cc900000|  0%| F|  |TAMS 0x00000000cc800000, 0x00000000cc800000| Untracked 
| 201|0x00000000cc900000, 0x00000000cc900000, 0x00000000cca00000|  0%| F|  |TAMS 0x00000000cc900000, 0x00000000cc900000| Untracked 
| 202|0x00000000cca00000, 0x00000000cca00000, 0x00000000ccb00000|  0%| F|  |TAMS 0x00000000cca00000, 0x00000000cca00000| Untracked 
| 203|0x00000000ccb00000, 0x00000000ccb00000, 0x00000000ccc00000|  0%| F|  |TAMS 0x00000000ccb00000, 0x00000000ccb00000| Untracked 
| 204|0x00000000ccc00000, 0x00000000ccc00000, 0x00000000ccd00000|  0%| F|  |TAMS 0x00000000ccc00000, 0x00000000ccc00000| Untracked 
| 205|0x00000000ccd00000, 0x00000000ccd00000, 0x00000000cce00000|  0%| F|  |TAMS 0x00000000ccd00000, 0x00000000ccd00000| Untracked 
| 206|0x00000000cce00000, 0x00000000cce00000, 0x00000000ccf00000|  0%| F|  |TAMS 0x00000000cce00000, 0x00000000cce00000| Untracked 
| 207|0x00000000ccf00000, 0x00000000ccf00000, 0x00000000cd000000|  0%| F|  |TAMS 0x00000000ccf00000, 0x00000000ccf00000| Untracked 
| 208|0x00000000cd000000, 0x00000000cd000000, 0x00000000cd100000|  0%| F|  |TAMS 0x00000000cd000000, 0x00000000cd000000| Untracked 
| 209|0x00000000cd100000, 0x00000000cd100000, 0x00000000cd200000|  0%| F|  |TAMS 0x00000000cd100000, 0x00000000cd100000| Untracked 
| 210|0x00000000cd200000, 0x00000000cd200000, 0x00000000cd300000|  0%| F|  |TAMS 0x00000000cd200000, 0x00000000cd200000| Untracked 
| 211|0x00000000cd300000, 0x00000000cd300000, 0x00000000cd400000|  0%| F|  |TAMS 0x00000000cd300000, 0x00000000cd300000| Untracked 
| 212|0x00000000cd400000, 0x00000000cd400000, 0x00000000cd500000|  0%| F|  |TAMS 0x00000000cd400000, 0x00000000cd400000| Untracked 
| 213|0x00000000cd500000, 0x00000000cd500000, 0x00000000cd600000|  0%| F|  |TAMS 0x00000000cd500000, 0x00000000cd500000| Untracked 
| 214|0x00000000cd600000, 0x00000000cd600000, 0x00000000cd700000|  0%| F|  |TAMS 0x00000000cd600000, 0x00000000cd600000| Untracked 
| 215|0x00000000cd700000, 0x00000000cd700000, 0x00000000cd800000|  0%| F|  |TAMS 0x00000000cd700000, 0x00000000cd700000| Untracked 
| 216|0x00000000cd800000, 0x00000000cd800000, 0x00000000cd900000|  0%| F|  |TAMS 0x00000000cd800000, 0x00000000cd800000| Untracked 
| 217|0x00000000cd900000, 0x00000000cd900000, 0x00000000cda00000|  0%| F|  |TAMS 0x00000000cd900000, 0x00000000cd900000| Untracked 
| 218|0x00000000cda00000, 0x00000000cda00000, 0x00000000cdb00000|  0%| F|  |TAMS 0x00000000cda00000, 0x00000000cda00000| Untracked 
| 219|0x00000000cdb00000, 0x00000000cdb00000, 0x00000000cdc00000|  0%| F|  |TAMS 0x00000000cdb00000, 0x00000000cdb00000| Untracked 
| 220|0x00000000cdc00000, 0x00000000cdc00000, 0x00000000cdd00000|  0%| F|  |TAMS 0x00000000cdc00000, 0x00000000cdc00000| Untracked 
| 221|0x00000000cdd00000, 0x00000000cdd00000, 0x00000000cde00000|  0%| F|  |TAMS 0x00000000cdd00000, 0x00000000cdd00000| Untracked 
| 222|0x00000000cde00000, 0x00000000cde00000, 0x00000000cdf00000|  0%| F|  |TAMS 0x00000000cde00000, 0x00000000cde00000| Untracked 
| 223|0x00000000cdf00000, 0x00000000cdf00000, 0x00000000ce000000|  0%| F|  |TAMS 0x00000000cdf00000, 0x00000000cdf00000| Untracked 
| 224|0x00000000ce000000, 0x00000000ce000000, 0x00000000ce100000|  0%| F|  |TAMS 0x00000000ce000000, 0x00000000ce000000| Untracked 
| 225|0x00000000ce100000, 0x00000000ce100000, 0x00000000ce200000|  0%| F|  |TAMS 0x00000000ce100000, 0x00000000ce100000| Untracked 
| 226|0x00000000ce200000, 0x00000000ce200000, 0x00000000ce300000|  0%| F|  |TAMS 0x00000000ce200000, 0x00000000ce200000| Untracked 
| 227|0x00000000ce300000, 0x00000000ce300000, 0x00000000ce400000|  0%| F|  |TAMS 0x00000000ce300000, 0x00000000ce300000| Untracked 
| 228|0x00000000ce400000, 0x00000000ce400000, 0x00000000ce500000|  0%| F|  |TAMS 0x00000000ce400000, 0x00000000ce400000| Untracked 
| 229|0x00000000ce500000, 0x00000000ce500000, 0x00000000ce600000|  0%| F|  |TAMS 0x00000000ce500000, 0x00000000ce500000| Untracked 
| 230|0x00000000ce600000, 0x00000000ce600000, 0x00000000ce700000|  0%| F|  |TAMS 0x00000000ce600000, 0x00000000ce600000| Untracked 
| 231|0x00000000ce700000, 0x00000000ce700000, 0x00000000ce800000|  0%| F|  |TAMS 0x00000000ce700000, 0x00000000ce700000| Untracked 
| 232|0x00000000ce800000, 0x00000000ce800000, 0x00000000ce900000|  0%| F|  |TAMS 0x00000000ce800000, 0x00000000ce800000| Untracked 
| 233|0x00000000ce900000, 0x00000000ce945740, 0x00000000cea00000| 27%| E|  |TAMS 0x00000000ce900000, 0x00000000ce900000| Complete 

Card table byte_map: [0x0000024cd9360000,0x0000024cd9560000] _byte_map_base: 0x0000024cd8d60000

Marking Bits (Prev, Next): (CMBitMap*) 0x0000024cd31f5ec0, (CMBitMap*) 0x0000024cd31f5e80
 Prev Bits: [0x0000024cda760000, 0x0000024cdb760000)
 Next Bits: [0x0000024cd9760000, 0x0000024cda760000)

Polling page: 0x0000024cd10d0000

Metaspace:

Usage:
  Non-class:     61.32 MB used.
      Class:      9.65 MB used.
       Both:     70.97 MB used.

Virtual space:
  Non-class space:       64.00 MB reserved,      61.81 MB ( 97%) committed,  8 nodes.
      Class space:        1.00 GB reserved,      10.00 MB ( <1%) committed,  1 nodes.
             Both:        1.06 GB reserved,      71.81 MB (  7%) committed. 

Chunk freelists:
   Non-Class:  2.48 MB
       Class:  2.15 MB
        Both:  4.64 MB

MaxMetaspaceSize: unlimited
CompressedClassSpaceSize: 1.00 GB
Initial GC threshold: 21.00 MB
Current GC threshold: 119.69 MB
CDS: off
MetaspaceReclaimPolicy: balanced
 - commit_granule_bytes: 65536.
 - commit_granule_words: 8192.
 - virtual_space_node_default_size: 1048576.
 - enlarge_chunks_in_place: 1.
 - new_chunks_are_fully_committed: 0.
 - uncommit_free_chunks: 1.
 - use_allocation_guard: 0.
 - handle_deallocations: 1.


Internal statistics:

num_allocs_failed_limit: 8.
num_arena_births: 694.
num_arena_deaths: 228.
num_vsnodes_births: 9.
num_vsnodes_deaths: 0.
num_space_committed: 1149.
num_space_uncommitted: 0.
num_chunks_returned_to_freelist: 285.
num_chunks_taken_from_freelist: 3041.
num_chunk_merges: 100.
num_chunk_splits: 2189.
num_chunks_enlarged: 1695.
num_purges: 10.
num_inconsistent_stats: 0.

CodeCache: size=49152Kb used=16725Kb max_used=18168Kb free=32426Kb
 bounds [0x0000024cd5e30000, 0x0000024cd6ff0000, 0x0000024cd8e30000]
 total_blobs=9840 nmethods=9151 adapters=616
 compilation: enabled
              stopped_count=0, restarted_count=0
 full_count=0

Compilation events (20 events):
Event: 2725.728 Thread 0x0000024cdf0678e0 9140       1       java.lang.ProcessBuilder::environment (147 bytes)
Event: 2725.747 Thread 0x0000024cdf0678e0 nmethod 9140 0x0000024cd6a73490 code [0x0000024cd6a736e0, 0x0000024cd6a73c28]
Event: 2725.747 Thread 0x0000024cdf0678e0 9141   !   1       java.lang.ProcessImpl::start (733 bytes)
Event: 2725.757 Thread 0x0000024cdf0678e0 nmethod 9141 0x0000024cd6a6dc90 code [0x0000024cd6a6e260, 0x0000024cd6a711b8]
Event: 2725.757 Thread 0x0000024cdf0678e0 9146       1       java.lang.invoke.Invokers$Holder::linkToTargetMethod (9 bytes)
Event: 2725.757 Thread 0x0000024cdf0678e0 nmethod 9146 0x0000024cd6a6d910 code [0x0000024cd6a6dac0, 0x0000024cd6a6dbd8]
Event: 2725.757 Thread 0x0000024cdf0678e0 9147       1       java.lang.invoke.LambdaForm$DMH/0x00000001009e0800::newInvokeSpecial (23 bytes)
Event: 2725.762 Thread 0x0000024cdf0678e0 nmethod 9147 0x0000024cd6a6d490 code [0x0000024cd6a6d640, 0x0000024cd6a6d7c8]
Event: 2725.762 Thread 0x0000024cdf0678e0 9142       1       java.lang.ProcessEnvironment::toEnvironmentBlock (16 bytes)
Event: 2725.763 Thread 0x0000024cdf0678e0 nmethod 9142 0x0000024cd6a6d110 code [0x0000024cd6a6d2a0, 0x0000024cd6a6d3c8]
Event: 2725.763 Thread 0x0000024cdf0678e0 9143   !   1       java.lang.ProcessImpl::<init> (327 bytes)
Event: 2725.776 Thread 0x0000024cdf0678e0 nmethod 9143 0x0000024cd6a6a990 code [0x0000024cd6a6ade0, 0x0000024cd6a6c198]
Event: 2725.776 Thread 0x0000024cdf0678e0 9144       1       java.lang.Process::<init> (5 bytes)
Event: 2725.776 Thread 0x0000024cdf0678e0 nmethod 9144 0x0000024cd6a6a690 code [0x0000024cd6a6a820, 0x0000024cd6a6a8d8]
Event: 2725.868 Thread 0x0000024cdf0678e0 9148   !   1       java.io.FilterOutputStream::close (183 bytes)
Event: 2725.917 Thread 0x0000024cdf0678e0 nmethod 9148 0x0000024cd6a69510 code [0x0000024cd6a69720, 0x0000024cd6a69bf8]
Event: 2725.917 Thread 0x0000024cdf0678e0 9150       1       java.lang.ProcessImpl$$Lambda$1341/0x00000001009f0290::run (8 bytes)
Event: 2725.917 Thread 0x0000024cdf0678e0 nmethod 9150 0x0000024cd6a69210 code [0x0000024cd6a693a0, 0x0000024cd6a69488]
Event: 2725.917 Thread 0x0000024cdf0678e0 9151       1       java.lang.ProcessImpl::lambda$new$0 (6 bytes)
Event: 2725.917 Thread 0x0000024cdf0678e0 nmethod 9151 0x0000024cd6a68f10 code [0x0000024cd6a690a0, 0x0000024cd6a69168]

GC Heap History (20 events):
Event: 2980.731 GC heap before
{Heap before GC invocations=340 (full 280):
 garbage-first heap   total 239616K, used 70257K [0x00000000c0000000, 0x0000000100000000)
  region size 1024K, 1 young (1024K), 0 survivors (0K)
 Metaspace       used 72670K, committed 73536K, reserved 1114112K
  class space    used 9877K, committed 10240K, reserved 1048576K
}
Event: 2980.774 GC heap after
{Heap after GC invocations=341 (full 281):
 garbage-first heap   total 239616K, used 70257K [0x00000000c0000000, 0x0000000100000000)
  region size 1024K, 0 young (0K), 0 survivors (0K)
 Metaspace       used 72670K, committed 73536K, reserved 1114112K
  class space    used 9877K, committed 10240K, reserved 1048576K
}
Event: 2990.928 GC heap before
{Heap before GC invocations=341 (full 281):
 garbage-first heap   total 239616K, used 70257K [0x00000000c0000000, 0x0000000100000000)
  region size 1024K, 1 young (1024K), 0 survivors (0K)
 Metaspace       used 72670K, committed 73536K, reserved 1114112K
  class space    used 9877K, committed 10240K, reserved 1048576K
}
Event: 2990.963 GC heap after
{Heap after GC invocations=342 (full 282):
 garbage-first heap   total 239616K, used 70257K [0x00000000c0000000, 0x0000000100000000)
  region size 1024K, 0 young (0K), 0 survivors (0K)
 Metaspace       used 72670K, committed 73536K, reserved 1114112K
  class space    used 9877K, committed 10240K, reserved 1048576K
}
Event: 3001.403 GC heap before
{Heap before GC invocations=342 (full 282):
 garbage-first heap   total 239616K, used 70257K [0x00000000c0000000, 0x0000000100000000)
  region size 1024K, 1 young (1024K), 0 survivors (0K)
 Metaspace       used 72670K, committed 73536K, reserved 1114112K
  class space    used 9877K, committed 10240K, reserved 1048576K
}
Event: 3001.442 GC heap after
{Heap after GC invocations=343 (full 283):
 garbage-first heap   total 239616K, used 70257K [0x00000000c0000000, 0x0000000100000000)
  region size 1024K, 0 young (0K), 0 survivors (0K)
 Metaspace       used 72670K, committed 73536K, reserved 1114112K
  class space    used 9877K, committed 10240K, reserved 1048576K
}
Event: 3011.686 GC heap before
{Heap before GC invocations=343 (full 283):
 garbage-first heap   total 239616K, used 70257K [0x00000000c0000000, 0x0000000100000000)
  region size 1024K, 1 young (1024K), 0 survivors (0K)
 Metaspace       used 72670K, committed 73536K, reserved 1114112K
  class space    used 9877K, committed 10240K, reserved 1048576K
}
Event: 3011.728 GC heap after
{Heap after GC invocations=344 (full 284):
 garbage-first heap   total 239616K, used 70257K [0x00000000c0000000, 0x0000000100000000)
  region size 1024K, 0 young (0K), 0 survivors (0K)
 Metaspace       used 72670K, committed 73536K, reserved 1114112K
  class space    used 9877K, committed 10240K, reserved 1048576K
}
Event: 3022.130 GC heap before
{Heap before GC invocations=344 (full 284):
 garbage-first heap   total 239616K, used 70257K [0x00000000c0000000, 0x0000000100000000)
  region size 1024K, 1 young (1024K), 0 survivors (0K)
 Metaspace       used 72670K, committed 73536K, reserved 1114112K
  class space    used 9877K, committed 10240K, reserved 1048576K
}
Event: 3022.176 GC heap after
{Heap after GC invocations=345 (full 285):
 garbage-first heap   total 239616K, used 70257K [0x00000000c0000000, 0x0000000100000000)
  region size 1024K, 0 young (0K), 0 survivors (0K)
 Metaspace       used 72670K, committed 73536K, reserved 1114112K
  class space    used 9877K, committed 10240K, reserved 1048576K
}
Event: 3032.538 GC heap before
{Heap before GC invocations=345 (full 285):
 garbage-first heap   total 239616K, used 70257K [0x00000000c0000000, 0x0000000100000000)
  region size 1024K, 1 young (1024K), 0 survivors (0K)
 Metaspace       used 72670K, committed 73536K, reserved 1114112K
  class space    used 9877K, committed 10240K, reserved 1048576K
}
Event: 3032.573 GC heap after
{Heap after GC invocations=346 (full 286):
 garbage-first heap   total 239616K, used 70257K [0x00000000c0000000, 0x0000000100000000)
  region size 1024K, 0 young (0K), 0 survivors (0K)
 Metaspace       used 72670K, committed 73536K, reserved 1114112K
  class space    used 9877K, committed 10240K, reserved 1048576K
}
Event: 3043.003 GC heap before
{Heap before GC invocations=346 (full 286):
 garbage-first heap   total 239616K, used 70257K [0x00000000c0000000, 0x0000000100000000)
  region size 1024K, 1 young (1024K), 0 survivors (0K)
 Metaspace       used 72670K, committed 73536K, reserved 1114112K
  class space    used 9877K, committed 10240K, reserved 1048576K
}
Event: 3043.044 GC heap after
{Heap after GC invocations=347 (full 287):
 garbage-first heap   total 239616K, used 70257K [0x00000000c0000000, 0x0000000100000000)
  region size 1024K, 0 young (0K), 0 survivors (0K)
 Metaspace       used 72670K, committed 73536K, reserved 1114112K
  class space    used 9877K, committed 10240K, reserved 1048576K
}
Event: 3053.321 GC heap before
{Heap before GC invocations=347 (full 287):
 garbage-first heap   total 239616K, used 70257K [0x00000000c0000000, 0x0000000100000000)
  region size 1024K, 1 young (1024K), 0 survivors (0K)
 Metaspace       used 72670K, committed 73536K, reserved 1114112K
  class space    used 9877K, committed 10240K, reserved 1048576K
}
Event: 3053.360 GC heap after
{Heap after GC invocations=348 (full 288):
 garbage-first heap   total 239616K, used 70257K [0x00000000c0000000, 0x0000000100000000)
  region size 1024K, 0 young (0K), 0 survivors (0K)
 Metaspace       used 72670K, committed 73536K, reserved 1114112K
  class space    used 9877K, committed 10240K, reserved 1048576K
}
Event: 3063.501 GC heap before
{Heap before GC invocations=348 (full 288):
 garbage-first heap   total 239616K, used 70257K [0x00000000c0000000, 0x0000000100000000)
  region size 1024K, 1 young (1024K), 0 survivors (0K)
 Metaspace       used 72670K, committed 73536K, reserved 1114112K
  class space    used 9877K, committed 10240K, reserved 1048576K
}
Event: 3063.549 GC heap after
{Heap after GC invocations=349 (full 289):
 garbage-first heap   total 239616K, used 70257K [0x00000000c0000000, 0x0000000100000000)
  region size 1024K, 0 young (0K), 0 survivors (0K)
 Metaspace       used 72670K, committed 73536K, reserved 1114112K
  class space    used 9877K, committed 10240K, reserved 1048576K
}
Event: 3073.947 GC heap before
{Heap before GC invocations=349 (full 289):
 garbage-first heap   total 239616K, used 70257K [0x00000000c0000000, 0x0000000100000000)
  region size 1024K, 1 young (1024K), 0 survivors (0K)
 Metaspace       used 72670K, committed 73536K, reserved 1114112K
  class space    used 9877K, committed 10240K, reserved 1048576K
}
Event: 3073.981 GC heap after
{Heap after GC invocations=350 (full 290):
 garbage-first heap   total 239616K, used 70257K [0x00000000c0000000, 0x0000000100000000)
  region size 1024K, 0 young (0K), 0 survivors (0K)
 Metaspace       used 72670K, committed 73536K, reserved 1114112K
  class space    used 9877K, committed 10240K, reserved 1048576K
}

Dll operation events (10 events):
Event: 0.014 Loaded shared library c:\Users\User\.vscode\extensions\redhat.java-1.15.0-win32-x64\jre\17.0.6-win32-x86_64\bin\java.dll
Event: 0.357 Loaded shared library C:\Users\User\.vscode\extensions\redhat.java-1.15.0-win32-x64\jre\17.0.6-win32-x86_64\bin\net.dll
Event: 0.360 Loaded shared library C:\Users\User\.vscode\extensions\redhat.java-1.15.0-win32-x64\jre\17.0.6-win32-x86_64\bin\nio.dll
Event: 0.606 Loaded shared library C:\Users\User\.vscode\extensions\redhat.java-1.15.0-win32-x64\jre\17.0.6-win32-x86_64\bin\zip.dll
Event: 4.501 Loaded shared library C:\Users\User\.vscode\extensions\redhat.java-1.15.0-win32-x64\jre\17.0.6-win32-x86_64\bin\jimage.dll
Event: 8.558 Loaded shared library C:\Users\User\.vscode\extensions\redhat.java-1.15.0-win32-x64\jre\17.0.6-win32-x86_64\bin\management.dll
Event: 8.579 Loaded shared library C:\Users\User\.vscode\extensions\redhat.java-1.15.0-win32-x64\jre\17.0.6-win32-x86_64\bin\management_ext.dll
Event: 9.785 Loaded shared library C:\Users\User\.vscode\extensions\redhat.java-1.15.0-win32-x64\jre\17.0.6-win32-x86_64\bin\sunmscapi.dll
Event: 16.390 Loaded shared library c:\Users\User\.vscode\extensions\redhat.java-1.15.0-win32-x64\jre\17.0.6-win32-x86_64\bin\verify.dll
Event: 18.817 Loaded shared library C:\Users\User\AppData\Local\Temp\snappy-1.1.8-abe41650-dc6c-4b11-92b1-f2b2bf463d7b-snappyjava.dll

Deoptimization events (20 events):
Event: 16.857 Thread 0x0000024ce0931f70 DEOPT PACKING pc=0x0000024cd639a3d2 sp=0x0000006ead1fd730
Event: 16.857 Thread 0x0000024ce0931f70 DEOPT UNPACKING pc=0x0000024cd5e87143 sp=0x0000006ead1fcc38 mode 3
Event: 17.226 Thread 0x0000024ce0931f70 DEOPT PACKING pc=0x0000024cd6d67ff4 sp=0x0000006ead1fd9b0
Event: 17.226 Thread 0x0000024ce0931f70 DEOPT UNPACKING pc=0x0000024cd5e87143 sp=0x0000006ead1fcee0 mode 0
Event: 17.226 Thread 0x0000024ce0931f70 DEOPT PACKING pc=0x0000024cd6d7091c sp=0x0000006ead1fdbe0
Event: 17.226 Thread 0x0000024ce0931f70 DEOPT UNPACKING pc=0x0000024cd5e87143 sp=0x0000006ead1fd0e8 mode 0
Event: 17.226 Thread 0x0000024ce0931f70 DEOPT PACKING pc=0x0000024cd6cab7f4 sp=0x0000006ead1fdcd0
Event: 17.226 Thread 0x0000024ce0931f70 DEOPT UNPACKING pc=0x0000024cd5e87143 sp=0x0000006ead1fd1c8 mode 0
Event: 17.226 Thread 0x0000024ce0931f70 DEOPT PACKING pc=0x0000024cd6ca3e74 sp=0x0000006ead1fdda0
Event: 17.226 Thread 0x0000024ce0931f70 DEOPT UNPACKING pc=0x0000024cd5e87143 sp=0x0000006ead1fd278 mode 0
Event: 17.226 Thread 0x0000024ce0931f70 DEOPT PACKING pc=0x0000024cd6ca2ba4 sp=0x0000006ead1fde50
Event: 17.226 Thread 0x0000024ce0931f70 DEOPT UNPACKING pc=0x0000024cd5e87143 sp=0x0000006ead1fd3d0 mode 0
Event: 17.226 Thread 0x0000024ce0931f70 DEOPT PACKING pc=0x0000024cd6d3312c sp=0x0000006ead1fe170
Event: 17.226 Thread 0x0000024ce0931f70 DEOPT UNPACKING pc=0x0000024cd5e87143 sp=0x0000006ead1fd600 mode 0
Event: 17.239 Thread 0x0000024ce0931f70 DEOPT PACKING pc=0x0000024cd63a3ff3 sp=0x0000006ead1fd5b0
Event: 17.239 Thread 0x0000024ce0931f70 DEOPT UNPACKING pc=0x0000024cd5e87143 sp=0x0000006ead1fcad0 mode 3
Event: 382.403 Thread 0x0000024ce08cbb10 DEOPT PACKING pc=0x0000024cd649ce54 sp=0x0000006eacefed30
Event: 382.404 Thread 0x0000024ce08cbb10 DEOPT UNPACKING pc=0x0000024cd5e87143 sp=0x0000006eacefe1b8 mode 0
Event: 382.409 Thread 0x0000024ce0a779a0 DEOPT PACKING pc=0x0000024cd6fd016e sp=0x0000006eaa9fd190
Event: 382.409 Thread 0x0000024ce0a779a0 DEOPT UNPACKING pc=0x0000024cd5e87143 sp=0x0000006eaa9fc688 mode 3

Classes unloaded (20 events):
Event: 221.301 Thread 0x0000024cde404be0 Unloading class 0x0000000100399400 'java/lang/invoke/LambdaForm$MH+0x0000000100399400'
Event: 221.301 Thread 0x0000024cde404be0 Unloading class 0x0000000100399000 'java/lang/invoke/LambdaForm$MH+0x0000000100399000'
Event: 221.301 Thread 0x0000024cde404be0 Unloading class 0x0000000100091c00 'java/lang/invoke/LambdaForm$MH+0x0000000100091c00'
Event: 221.301 Thread 0x0000024cde404be0 Unloading class 0x0000000100091800 'java/lang/invoke/LambdaForm$MH+0x0000000100091800'
Event: 221.301 Thread 0x0000024cde404be0 Unloading class 0x0000000100091400 'java/lang/invoke/LambdaForm$MH+0x0000000100091400'
Event: 221.301 Thread 0x0000024cde404be0 Unloading class 0x0000000100091000 'java/lang/invoke/LambdaForm$MH+0x0000000100091000'
Event: 221.301 Thread 0x0000024cde404be0 Unloading class 0x0000000100090c00 'java/lang/invoke/LambdaForm$MH+0x0000000100090c00'
Event: 221.301 Thread 0x0000024cde404be0 Unloading class 0x0000000100090800 'java/lang/invoke/LambdaForm$MH+0x0000000100090800'
Event: 221.301 Thread 0x0000024cde404be0 Unloading class 0x0000000100090400 'java/lang/invoke/LambdaForm$MH+0x0000000100090400'
Event: 221.301 Thread 0x0000024cde404be0 Unloading class 0x0000000100090000 'java/lang/invoke/LambdaForm$MH+0x0000000100090000'
Event: 221.301 Thread 0x0000024cde404be0 Unloading class 0x000000010008b800 'java/lang/invoke/LambdaForm$MH+0x000000010008b800'
Event: 221.301 Thread 0x0000024cde404be0 Unloading class 0x000000010008b400 'java/lang/invoke/LambdaForm$MH+0x000000010008b400'
Event: 221.301 Thread 0x0000024cde404be0 Unloading class 0x000000010008b000 'java/lang/invoke/LambdaForm$MH+0x000000010008b000'
Event: 221.301 Thread 0x0000024cde404be0 Unloading class 0x000000010008ac00 'java/lang/invoke/LambdaForm$MH+0x000000010008ac00'
Event: 221.301 Thread 0x0000024cde404be0 Unloading class 0x000000010008a800 'java/lang/invoke/LambdaForm$MH+0x000000010008a800'
Event: 221.301 Thread 0x0000024cde404be0 Unloading class 0x000000010008a400 'java/lang/invoke/LambdaForm$MH+0x000000010008a400'
Event: 221.301 Thread 0x0000024cde404be0 Unloading class 0x0000000100089c00 'java/lang/invoke/LambdaForm$MH+0x0000000100089c00'
Event: 221.301 Thread 0x0000024cde404be0 Unloading class 0x0000000100089400 'java/lang/invoke/LambdaForm$MH+0x0000000100089400'
Event: 221.301 Thread 0x0000024cde404be0 Unloading class 0x0000000100088c00 'java/lang/invoke/LambdaForm$MH+0x0000000100088c00'
Event: 221.301 Thread 0x0000024cde404be0 Unloading class 0x0000000100088400 'java/lang/invoke/LambdaForm$MH+0x0000000100088400'

Classes redefined (0 events):
No events

Internal exceptions (20 events):
Event: 19.658 Thread 0x0000024ce0a774d0 Exception <a 'sun/nio/fs/WindowsException'{0x00000000e5b88600}> (0x00000000e5b88600) 
thrown [s\src\hotspot\share\prims\jni.cpp, line 516]
Event: 19.658 Thread 0x0000024ce0a774d0 Exception <a 'sun/nio/fs/WindowsException'{0x00000000e5b894b0}> (0x00000000e5b894b0) 
thrown [s\src\hotspot\share\prims\jni.cpp, line 516]
Event: 19.658 Thread 0x0000024ce0a774d0 Exception <a 'sun/nio/fs/WindowsException'{0x00000000e5b89798}> (0x00000000e5b89798) 
thrown [s\src\hotspot\share\prims\jni.cpp, line 516]
Event: 19.659 Thread 0x0000024ce0a774d0 Exception <a 'sun/nio/fs/WindowsException'{0x00000000e5baaa40}> (0x00000000e5baaa40) 
thrown [s\src\hotspot\share\prims\jni.cpp, line 516]
Event: 19.659 Thread 0x0000024ce0a774d0 Exception <a 'sun/nio/fs/WindowsException'{0x00000000e5baad00}> (0x00000000e5baad00) 
thrown [s\src\hotspot\share\prims\jni.cpp, line 516]
Event: 19.659 Thread 0x0000024ce0a774d0 Exception <a 'sun/nio/fs/WindowsException'{0x00000000e5babba0}> (0x00000000e5babba0) 
thrown [s\src\hotspot\share\prims\jni.cpp, line 516]
Event: 19.659 Thread 0x0000024ce0a774d0 Exception <a 'sun/nio/fs/WindowsException'{0x00000000e5babe80}> (0x00000000e5babe80) 
thrown [s\src\hotspot\share\prims\jni.cpp, line 516]
Event: 19.660 Thread 0x0000024ce0a774d0 Exception <a 'sun/nio/fs/WindowsException'{0x00000000e5be2d60}> (0x00000000e5be2d60) 
thrown [s\src\hotspot\share\prims\jni.cpp, line 516]
Event: 19.660 Thread 0x0000024ce0a774d0 Exception <a 'sun/nio/fs/WindowsException'{0x00000000e5be3048}> (0x00000000e5be3048) 
thrown [s\src\hotspot\share\prims\jni.cpp, line 516]
Event: 19.660 Thread 0x0000024ce0a774d0 Exception <a 'sun/nio/fs/WindowsException'{0x00000000e5be4468}> (0x00000000e5be4468) 
thrown [s\src\hotspot\share\prims\jni.cpp, line 516]
Event: 19.660 Thread 0x0000024ce0a774d0 Exception <a 'sun/nio/fs/WindowsException'{0x00000000e5be4768}> (0x00000000e5be4768) 
thrown [s\src\hotspot\share\prims\jni.cpp, line 516]
Event: 19.661 Thread 0x0000024ce0a774d0 Exception <a 'sun/nio/fs/WindowsException'{0x00000000e5a0cc70}> (0x00000000e5a0cc70) 
thrown [s\src\hotspot\share\prims\jni.cpp, line 516]
Event: 19.661 Thread 0x0000024ce0a774d0 Exception <a 'sun/nio/fs/WindowsException'{0x00000000e5a0cf40}> (0x00000000e5a0cf40) 
thrown [s\src\hotspot\share\prims\jni.cpp, line 516]
Event: 19.661 Thread 0x0000024ce0a774d0 Exception <a 'sun/nio/fs/WindowsException'{0x00000000e5a0e358}> (0x00000000e5a0e358) 
thrown [s\src\hotspot\share\prims\jni.cpp, line 516]
Event: 19.661 Thread 0x0000024ce0a774d0 Exception <a 'sun/nio/fs/WindowsException'{0x00000000e5a0e650}> (0x00000000e5a0e650) 
thrown [s\src\hotspot\share\prims\jni.cpp, line 516]
Event: 28.839 Thread 0x0000024ce0a7a4f0 Exception <a 'java/lang/NoSuchMethodError'{0x00000000e57888c0}: 'java.lang.Object java.lang.invoke.DirectMethodHandle$Holder.newInvokeSpecial(java.lang.Object, java.lang.Object, java.lang.Object, java.lang.Object, java.lang.Object, java.lang.Object, java.lang.Object)'> (0x00000000e57888c0) 
thrown [s\src\hotspot\share\interpreter\linkResolver.cpp, line 759]
Event: 28.840 Thread 0x0000024ce0a7a4f0 Exception <a 'java/lang/NoSuchMethodError'{0x00000000e578d1d0}: 'java.lang.Object java.lang.invoke.Invokers$Holder.linkToTargetMethod(java.lang.Object, java.lang.Object, java.lang.Object, java.lang.Object, java.lang.Object, java.lang.Object, java.lang.Object)'> (0x00000000e578d1d0) 
thrown [s\src\hotspot\share\interpreter\linkResolver.cpp, line 759]
Event: 68.565 Thread 0x0000024ce07cf350 Exception <a 'java/lang/NoSuchMethodError'{0x00000000e5882a78}: 'void java.lang.invoke.DirectMethodHandle$Holder.invokeStatic(java.lang.Object, long)'> (0x00000000e5882a78) 
thrown [s\src\hotspot\share\interpreter\linkResolver.cpp, line 759]
Event: 68.566 Thread 0x0000024ce07cf350 Exception <a 'java/lang/NoSuchMethodError'{0x00000000e5887e28}: 'java.lang.Object java.lang.invoke.DirectMethodHandle$Holder.newInvokeSpecial(java.lang.Object, long)'> (0x00000000e5887e28) 
thrown [s\src\hotspot\share\interpreter\linkResolver.cpp, line 759]
Event: 382.409 Thread 0x0000024ce0a779a0 Implicit null exception at 0x0000024cd6fcff44 to 0x0000024cd6fd0169

VM Operations (20 events):
Event: 2980.774 Executing VM operation: G1CollectFull done
Event: 2990.928 Executing VM operation: G1CollectFull
Event: 2990.963 Executing VM operation: G1CollectFull done
Event: 3001.248 Executing VM operation: G1CollectFull
Event: 3001.443 Executing VM operation: G1CollectFull done
Event: 3011.686 Executing VM operation: G1CollectFull
Event: 3011.728 Executing VM operation: G1CollectFull done
Event: 3021.967 Executing VM operation: G1CollectFull
Event: 3022.176 Executing VM operation: G1CollectFull done
Event: 3032.374 Executing VM operation: G1CollectFull
Event: 3032.574 Executing VM operation: G1CollectFull done
Event: 3042.845 Executing VM operation: G1CollectFull
Event: 3043.044 Executing VM operation: G1CollectFull done
Event: 3053.321 Executing VM operation: G1CollectFull
Event: 3053.361 Executing VM operation: G1CollectFull done
Event: 3063.500 Executing VM operation: G1CollectFull
Event: 3063.549 Executing VM operation: G1CollectFull done
Event: 3073.791 Executing VM operation: G1CollectFull
Event: 3073.981 Executing VM operation: G1CollectFull done
Event: 3084.027 Executing VM operation: G1CollectFull

Events (20 events):
Event: 68.560 loading class java/lang/ProcessImpl done
Event: 68.566 loading class java/lang/ProcessImpl$2
Event: 68.566 loading class java/lang/ProcessImpl$2 done
Event: 68.566 loading class java/lang/Process$PipeInputStream
Event: 68.566 loading class java/lang/Process$PipeInputStream done
Event: 68.567 loading class jdk/internal/event/ProcessStartEvent
Event: 68.567 loading class jdk/internal/event/ProcessStartEvent done
Event: 72.419 Thread 0x0000024ce0a7a9c0 Thread exited: 0x0000024ce0a7a9c0
Event: 88.840 Thread 0x0000024ce0931f70 Thread exited: 0x0000024ce0931f70
Event: 94.262 Thread 0x0000024ce0a7a4f0 Thread exited: 0x0000024ce0a7a4f0
Event: 148.848 Thread 0x0000024ce0a75cc0 Thread exited: 0x0000024ce0a75cc0
Event: 208.852 Thread 0x0000024ce0a77e70 Thread exited: 0x0000024ce0a77e70
Event: 268.865 Thread 0x0000024ce0a7bd00 Thread exited: 0x0000024ce0a7bd00
Event: 328.874 Thread 0x0000024ce0a757f0 Thread exited: 0x0000024ce0a757f0
Event: 382.404 Thread 0x0000024ce0a78340 Thread added: 0x0000024ce0a78340
Event: 382.407 Thread 0x0000024ce0a779a0 Thread added: 0x0000024ce0a779a0
Event: 382.412 Thread 0x0000024cdf266d30 Thread added: 0x0000024cdf266d30
Event: 387.415 Thread 0x0000024cdf266d30 Thread exited: 0x0000024cdf266d30
Event: 442.423 Thread 0x0000024ce0a779a0 Thread exited: 0x0000024ce0a779a0
Event: 494.365 Thread 0x0000024ce0a78340 Thread exited: 0x0000024ce0a78340


Dynamic libraries:
0x00007ff7d35d0000 - 0x00007ff7d35de000 	c:\Users\User\.vscode\extensions\redhat.java-1.15.0-win32-x64\jre\17.0.6-win32-x86_64\bin\java.exe
0x00007ffe531b0000 - 0x00007ffe533c4000 	C:\WINDOWS\SYSTEM32\ntdll.dll
0x00007ffe514c0000 - 0x00007ffe51582000 	C:\WINDOWS\System32\KERNEL32.DLL
0x00007ffe50870000 - 0x00007ffe50c13000 	C:\WINDOWS\System32\KERNELBASE.dll
0x00007ffe50d50000 - 0x00007ffe50e61000 	C:\WINDOWS\System32\ucrtbase.dll
0x00007ffe28a30000 - 0x00007ffe28a49000 	c:\Users\User\.vscode\extensions\redhat.java-1.15.0-win32-x64\jre\17.0.6-win32-x86_64\bin\VCRUNTIME140.dll
0x00007ffe188e0000 - 0x00007ffe188f7000 	c:\Users\User\.vscode\extensions\redhat.java-1.15.0-win32-x64\jre\17.0.6-win32-x86_64\bin\jli.dll
0x00007ffe51fa0000 - 0x00007ffe5214b000 	C:\WINDOWS\System32\USER32.dll
0x00007ffe39500000 - 0x00007ffe3978e000 	C:\WINDOWS\WinSxS\amd64_microsoft.windows.common-controls_6595b64144ccf1df_6.0.22621.1635_none_270f70857386168e\COMCTL32.dll
0x00007ffe505b0000 - 0x00007ffe505d6000 	C:\WINDOWS\System32\win32u.dll
0x00007ffe52230000 - 0x00007ffe522d7000 	C:\WINDOWS\System32\msvcrt.dll
0x00007ffe51750000 - 0x00007ffe51779000 	C:\WINDOWS\System32\GDI32.dll
0x00007ffe505e0000 - 0x00007ffe506f9000 	C:\WINDOWS\System32\gdi32full.dll
0x00007ffe50e70000 - 0x00007ffe50f0a000 	C:\WINDOWS\System32\msvcp_win.dll
0x00007ffe52f70000 - 0x00007ffe52fa1000 	C:\WINDOWS\System32\IMM32.DLL
0x00007ffe289e0000 - 0x00007ffe289ec000 	c:\Users\User\.vscode\extensions\redhat.java-1.15.0-win32-x64\jre\17.0.6-win32-x86_64\bin\vcruntime140_1.dll
0x00007ffdaf9d0000 - 0x00007ffdafa61000 	c:\Users\User\.vscode\extensions\redhat.java-1.15.0-win32-x64\jre\17.0.6-win32-x86_64\bin\msvcp140.dll
0x00007ffdaed80000 - 0x00007ffdaf9c7000 	c:\Users\User\.vscode\extensions\redhat.java-1.15.0-win32-x64\jre\17.0.6-win32-x86_64\bin\server\jvm.dll
0x00007ffe52170000 - 0x00007ffe5221e000 	C:\WINDOWS\System32\ADVAPI32.dll
0x00007ffe51060000 - 0x00007ffe51104000 	C:\WINDOWS\System32\sechost.dll
0x00007ffe522e0000 - 0x00007ffe523f7000 	C:\WINDOWS\System32\RPCRT4.dll
0x00007ffe49560000 - 0x00007ffe49594000 	C:\WINDOWS\SYSTEM32\WINMM.dll
0x00007ffe471a0000 - 0x00007ffe471aa000 	C:\WINDOWS\SYSTEM32\VERSION.dll
0x00007ffe2da00000 - 0x00007ffe2da09000 	C:\WINDOWS\SYSTEM32\WSOCK32.dll
0x00007ffe52400000 - 0x00007ffe52471000 	C:\WINDOWS\System32\WS2_32.dll
0x00007ffe4f6b0000 - 0x00007ffe4f6c8000 	C:\WINDOWS\SYSTEM32\kernel.appcore.dll
0x00007ffe1f660000 - 0x00007ffe1f66a000 	c:\Users\User\.vscode\extensions\redhat.java-1.15.0-win32-x64\jre\17.0.6-win32-x86_64\bin\jimage.dll
0x00007ffe4e110000 - 0x00007ffe4e33e000 	C:\WINDOWS\SYSTEM32\DBGHELP.DLL
0x00007ffe52480000 - 0x00007ffe52809000 	C:\WINDOWS\System32\combase.dll
0x00007ffe51670000 - 0x00007ffe51747000 	C:\WINDOWS\System32\OLEAUT32.dll
0x00007ffe45900000 - 0x00007ffe45932000 	C:\WINDOWS\SYSTEM32\dbgcore.DLL
0x00007ffe50f10000 - 0x00007ffe50f8b000 	C:\WINDOWS\System32\bcryptPrimitives.dll
0x00007ffe17180000 - 0x00007ffe171a5000 	c:\Users\User\.vscode\extensions\redhat.java-1.15.0-win32-x64\jre\17.0.6-win32-x86_64\bin\java.dll
0x00007ffe16ba0000 - 0x00007ffe16bb8000 	c:\Users\User\.vscode\extensions\redhat.java-1.15.0-win32-x64\jre\17.0.6-win32-x86_64\bin\zip.dll
0x00007ffe51780000 - 0x00007ffe51f7a000 	C:\WINDOWS\System32\SHELL32.dll
0x00007ffe4e480000 - 0x00007ffe4ed4e000 	C:\WINDOWS\SYSTEM32\windows.storage.dll
0x00007ffe4e340000 - 0x00007ffe4e47e000 	C:\WINDOWS\SYSTEM32\wintypes.dll
0x00007ffe52d60000 - 0x00007ffe52e51000 	C:\WINDOWS\System32\SHCORE.dll
0x00007ffe51000000 - 0x00007ffe5105e000 	C:\WINDOWS\System32\shlwapi.dll
0x00007ffe504e0000 - 0x00007ffe50501000 	C:\WINDOWS\SYSTEM32\profapi.dll
0x00007ffe16b80000 - 0x00007ffe16b99000 	C:\Users\User\.vscode\extensions\redhat.java-1.15.0-win32-x64\jre\17.0.6-win32-x86_64\bin\net.dll
0x00007ffe46f80000 - 0x00007ffe470b7000 	C:\WINDOWS\SYSTEM32\WINHTTP.dll
0x00007ffe4fb20000 - 0x00007ffe4fb89000 	C:\WINDOWS\system32\mswsock.dll
0x00007ffe15ef0000 - 0x00007ffe15f05000 	C:\Users\User\.vscode\extensions\redhat.java-1.15.0-win32-x64\jre\17.0.6-win32-x86_64\bin\nio.dll
0x00007ffe4fda0000 - 0x00007ffe4fdbb000 	C:\WINDOWS\SYSTEM32\CRYPTSP.dll
0x00007ffe4f620000 - 0x00007ffe4f655000 	C:\WINDOWS\system32\rsaenh.dll
0x00007ffe4fbf0000 - 0x00007ffe4fc18000 	C:\WINDOWS\SYSTEM32\USERENV.dll
0x00007ffe4ff60000 - 0x00007ffe4ff88000 	C:\WINDOWS\SYSTEM32\bcrypt.dll
0x00007ffe4fdc0000 - 0x00007ffe4fdcc000 	C:\WINDOWS\SYSTEM32\CRYPTBASE.dll
0x00007ffe4f110000 - 0x00007ffe4f13d000 	C:\WINDOWS\SYSTEM32\IPHLPAPI.DLL
0x00007ffe52150000 - 0x00007ffe52159000 	C:\WINDOWS\System32\NSI.dll
0x00007ffe46f40000 - 0x00007ffe46f59000 	C:\WINDOWS\SYSTEM32\dhcpcsvc6.DLL
0x00007ffe46f20000 - 0x00007ffe46f3f000 	C:\WINDOWS\SYSTEM32\dhcpcsvc.DLL
0x00007ffe4f180000 - 0x00007ffe4f273000 	C:\WINDOWS\SYSTEM32\DNSAPI.dll
0x00007ffe160e0000 - 0x00007ffe160e9000 	C:\Users\User\.vscode\extensions\redhat.java-1.15.0-win32-x64\jre\17.0.6-win32-x86_64\bin\management.dll
0x00007ffe15fd0000 - 0x00007ffe15fdb000 	C:\Users\User\.vscode\extensions\redhat.java-1.15.0-win32-x64\jre\17.0.6-win32-x86_64\bin\management_ext.dll
0x00007ffe52160000 - 0x00007ffe52168000 	C:\WINDOWS\System32\PSAPI.DLL
0x00007ffe15f10000 - 0x00007ffe15f1e000 	C:\Users\User\.vscode\extensions\redhat.java-1.15.0-win32-x64\jre\17.0.6-win32-x86_64\bin\sunmscapi.dll
0x00007ffe50700000 - 0x00007ffe50867000 	C:\WINDOWS\System32\CRYPT32.dll
0x00007ffe4ff30000 - 0x00007ffe4ff5e000 	C:\WINDOWS\SYSTEM32\ncrypt.dll
0x00007ffe4fef0000 - 0x00007ffe4ff27000 	C:\WINDOWS\SYSTEM32\NTASN1.dll
0x00007ffe37690000 - 0x00007ffe3769a000 	C:\Windows\System32\rasadhlp.dll
0x00007ffe44260000 - 0x00007ffe442e4000 	C:\WINDOWS\System32\fwpuclnt.dll
0x00007ffe21580000 - 0x00007ffe21590000 	c:\Users\User\.vscode\extensions\redhat.java-1.15.0-win32-x64\jre\17.0.6-win32-x86_64\bin\verify.dll
0x000000006c500000 - 0x000000006c5c7000 	C:\Users\User\AppData\Local\Temp\snappy-1.1.8-abe41650-dc6c-4b11-92b1-f2b2bf463d7b-snappyjava.dll

dbghelp: loaded successfully - version: 4.0.5 - missing functions: none
symbol engine: initialized successfully - sym options: 0x614 - pdb path: .;c:\Users\User\.vscode\extensions\redhat.java-1.15.0-win32-x64\jre\17.0.6-win32-x86_64\bin;C:\WINDOWS\SYSTEM32;C:\WINDOWS\WinSxS\amd64_microsoft.windows.common-controls_6595b64144ccf1df_6.0.22621.1635_none_270f70857386168e;c:\Users\User\.vscode\extensions\redhat.java-1.15.0-win32-x64\jre\17.0.6-win32-x86_64\bin\server;C:\Users\User\AppData\Local\Temp

VM Arguments:
jvm_args: -XX:+HeapDumpOnOutOfMemoryError -Xmx1024m -Dsts.lsp.client=vscode -Dsts.log.file=/dev/null -XX:TieredStopAtLevel=1 -Xlog:jni+resolve=off -Dspring.config.location=file:c:\Users\User\.vscode\extensions\vmware.vscode-spring-boot-1.47.0\language-server\BOOT-INF\classes\application.properties 
java_command: org.springframework.ide.vscode.boot.app.BootLanguageServerBootApp
java_class_path (initial): c:\Users\User\.vscode\extensions\vmware.vscode-spring-boot-1.47.0\language-server\BOOT-INF\classes;c:\Users\User\.vscode\extensions\vmware.vscode-spring-boot-1.47.0\language-server\BOOT-INF\lib\annotations-24.0.1.jar;c:\Users\User\.vscode\extensions\vmware.vscode-spring-boot-1.47.0\language-server\BOOT-INF\lib\antlr-runtime-3.5.3.jar;c:\Users\User\.vscode\extensions\vmware.vscode-spring-boot-1.47.0\language-server\BOOT-INF\lib\antlr4-4.11.1.jar;c:\Users\User\.vscode\extensions\vmware.vscode-spring-boot-1.47.0\language-server\BOOT-INF\lib\antlr4-runtime-4.11.1.jar;c:\Users\User\.vscode\extensions\vmware.vscode-spring-boot-1.47.0\language-server\BOOT-INF\lib\aopalliance-1.0.jar;c:\Users\User\.vscode\extensions\vmware.vscode-spring-boot-1.47.0\language-server\BOOT-INF\lib\asm-9.5.jar;c:\Users\User\.vscode\extensions\vmware.vscode-spring-boot-1.47.0\language-server\BOOT-INF\lib\asm-analysis-9.5.jar;c:\Users\User\.vscode\extensions\vmware.vscode-spring-boot-1.47.0\language-server\BOOT-INF\lib\asm-tree-9.5.jar;c:\Users\User\.vscode\extensions\vmware.vscode-spring-boot-1.47.0\language-server\BOOT-INF\lib\asm-util-9.5.jar;c:\Users\User\.vscode\extensions\vmware.vscode-spring-boot-1.47.0\language-server\BOOT-INF\lib\auto-common-1.2.1.jar;c:\Users\User\.vscode\extensions\vmware.vscode-spring-boot-1.47.0\language-server\BOOT-INF\lib\auto-value-annotations-1.9.jar;c:\Users\User\.vscode\extensions\vmware.vscode-spring-boot-1.47.0\language-server\BOOT-INF\lib\caffeine-3.1.2.jar;c:\Users\User\.vscode\extensions\vmware.vscode-spring-boot-1.47.0\language-server\BOOT-INF\lib\checker-qual-3.12.0.jar;c:\Users\User\.vscode\extensions\vmware.vscode-spring-boot-1.47.0\language-server\BOOT-INF\lib\classgraph-4.8.149.jar;c:\Users\User\.vscode\extensions\vmware.vscode-spring-boot-1.47.0\language-server\BOOT-INF\lib\commons-codec-1.15.jar;c:\Users\User\.vscode\extensions\vmware.vscode-spring-boot-1.47.0\language-server\BOOT-INF\lib\commons-compress-1.23.0.jar;c:\U
Launcher Type: SUN_STANDARD

[Global flags]
     intx CICompilerCount                          = 4                                         {product} {ergonomic}
     uint ConcGCThreads                            = 3                                         {product} {ergonomic}
     uint G1ConcRefinementThreads                  = 10                                        {product} {ergonomic}
   size_t G1HeapRegionSize                         = 1048576                                   {product} {ergonomic}
    uintx GCDrainStackTargetSize                   = 64                                        {product} {ergonomic}
     bool HeapDumpOnOutOfMemoryError               = true                                   {manageable} {command line}
   size_t InitialHeapSize                          = 268435456                                 {product} {ergonomic}
   size_t MarkStackSize                            = 4194304                                   {product} {ergonomic}
   size_t MaxHeapSize                              = 1073741824                                {product} {command line}
   size_t MaxNewSize                               = 643825664                                 {product} {ergonomic}
   size_t MinHeapDeltaBytes                        = 1048576                                   {product} {ergonomic}
   size_t MinHeapSize                              = 8388608                                   {product} {ergonomic}
    uintx NonProfiledCodeHeapSize                  = 0                                      {pd product} {ergonomic}
     bool ProfileInterpreter                       = false                                  {pd product} {command line}
    uintx ProfiledCodeHeapSize                     = 0                                      {pd product} {ergonomic}
   size_t SoftMaxHeapSize                          = 1073741824                             {manageable} {ergonomic}
     intx TieredStopAtLevel                        = 1                                         {product} {command line}
     bool UseCompressedClassPointers               = true                           {product lp64_product} {ergonomic}
     bool UseCompressedOops                        = true                           {product lp64_product} {ergonomic}
     bool UseG1GC                                  = true                                      {product} {ergonomic}
     bool UseLargePagesIndividualAllocation        = false                                  {pd product} {ergonomic}

Logging:
Log output configuration:
 #0: stdout all=warning,jni+resolve=off uptime,level,tags
 #1: stderr all=off uptime,level,tags

Environment Variables:
JAVA_HOME=C:\Program Files\Eclipse Adoptium\jdk-17.0.6.10-hotspot\
PATH=C:\Program Files (x86)\Common Files\Oracle\Java\javapath;C:\Program Files (x86)\Java\jdk1.8.0_151\bin;C:\Program Files\Eclipse Adoptium\jdk-17.0.6.10-hotspot\bin;C:\ProgramData\Oracle\Java\javapath;C:\Python39\Scripts\;C:\Python39\;C:\Windows\system32;C:\Windows;C:\Windows\System32\Wbem;C:\Windows\System32\WindowsPowerShell\v1.0\;C:\Windows\System32\OpenSSH\;C:\Program Files\NVIDIA Corporation\NVIDIA NvDLISR;C:\Program Files\SourceGear\Common\DiffMerge\;C:\Program Files\dotnet\;C:\WINDOWS\system32;C:\WINDOWS;C:\WINDOWS\System32\Wbem;C:\WINDOWS\System32\WindowsPowerShell\v1.0\;C:\WINDOWS\System32\OpenSSH\;C:\ProgramData\chocolatey\bin;C:\ProgramData\ComposerSetup\bin;C:\flutter\bin;C:\Program Files\nodejs\;C:\Program Files\Docker\Docker\resources\bin;C:\ProgramData\DockerDesktop\version-bin;C:\Program Files (x86)\Serena\Dimensions 14.3\CM\prog64;C:\Program Files (x86)\Serena\Dimensions 14.3\CM\prog;C:\Program Files (x86)\Serena\Dimensions 14.3\CM\prog64\;C:\Users\User\AppData\Local\Pub\Cache\bin;C:\Program Files\PostgreSQL\15\bin;C:\Program Files\PostgreSQL\15\lib;C:\Program Files\PuTTY\;C:\Program Files\Git\cmd;C:\Program Files (x86)\HITACHI\JP1AJS2V\bin;C:\WINDOWS\hitachi;C:\Program Files (x86)\Common Files\Hitachi;C:\Program Files (x86)\NVIDIA Corporation\PhysX\Common;C:\Users\User\AppData\Local\Microsoft\WindowsApps;C:\Users\User\AppData\Local\Programs\Microsoft VS Code\bin;C:\Program Files\JetBrains\PyCharm Community Edition 2020.1.2\bin;C:\Users\User\AppData\Local\GitHubDesktop\bin;C:\Users\User\AppData\Roaming\TinyTeX\bin\win32;C:\PHP8.0.19;C:\Users\User\.dotnet\tools;C:\Users\User\.dotnet\tools;C:\MinGW\bin;C:\Users\User\AppData\Roaming\Composer\vendor\bin;C:\Program Files\JetBrains\WebStorm 2021.3.3\bin;C:\Program Files\JetBrains\PhpStorm 2021.2\bin;C:\Users\User\AppData\Local\Microsoft\WindowsApps;C:\Program Files\JetBrains\IntelliJ IDEA Community Edition 2021.3.1\bin;C:\Users\User\AppData\Roaming\npm;C:\Users\User\AppData\Local\Android\Sdk\emulator;C:\Us
USERNAME=One
OS=Windows_NT
PROCESSOR_IDENTIFIER=Intel64 Family 6 Model 158 Stepping 10, GenuineIntel
TMP=C:\Users\User\AppData\Local\Temp
TEMP=C:\Users\User\AppData\Local\Temp



---------------  S Y S T E M  ---------------

OS:
 Windows 11 , 64 bit Build 22621 (10.0.22621.1778)
OS uptime: 0 days 1:02 hours
Hyper-V role detected

CPU: total 12 (initial active 12) (6 cores per cpu, 2 threads per core) family 6 model 158 stepping 10 microcode 0xea, cx8, cmov, fxsr, ht, mmx, 3dnowpref, sse, sse2, sse3, ssse3, sse4.1, sse4.2, popcnt, lzcnt, tsc, tscinvbit, avx, avx2, aes, erms, clmul, bmi1, bmi2, adx, fma, vzeroupper, clflush, clflushopt, hv

Memory: 4k page, system-wide physical 16263M (1103M free)
TotalPageFile size 65415M (AvailPageFile size 4M)
current process WorkingSet (physical memory assigned to process): 111M, peak: 1202M
current process commit charge ("private bytes"): 447M, peak: 1203M

vm_info: OpenJDK 64-Bit Server VM (17.0.6+10) for windows-amd64 JRE (17.0.6+10), built on Jan 18 2023 10:08:59 by "temurin" with MS VC++ 16.7 (VS2019)

END.
